<?xml version="1.0" encoding="utf-8"?><testsuites name="pytest tests"><testsuite name="pytest" errors="0" failures="0" skipped="4" tests="6" time="0.526" timestamp="2026-08-19T09:24:33.525834+00:00" hostname="agent-env-b0401a0a-2d4a-432f-9bc6-c5046b9cbe39"><testcase classname="tests.test_iter45_review" name="test_daily_totals_admin_200" time="0.229"><skipped type="pytest.skip" message="admin login failed: 404 {&quot;detail&quot;:&quot;Not Found&quot;}">/app/backend/tests/test_iter45_review.py:45: admin login failed: 404 {"detail":"Not Found"}</skipped></testcase><testcase classname="tests.test_iter45_review" name="test_daily_totals_bad_range_400" time="0.000"><skipped type="pytest.skip" message="admin login failed: 404 {&quot;detail&quot;:&quot;Not Found&quot;}">/app/backend/tests/test_iter45_review.py:62: admin login failed: 404 {"detail":"Not Found"}</skipped></testcase><testcase classname="tests.test_iter45_review" name="test_daily_totals_no_auth_401" time="0.133" /><testcase classname="tests.test_iter45_review" name="test_daily_totals_issue_valuation_matches_stock" time="0.000"><skipped type="pytest.skip" message="admin login failed: 404 {&quot;detail&quot;:&quot;Not Found&quot;}">/app/backend/tests/test_iter45_review.py:80: admin login failed: 404 {"detail":"Not Found"}</skipped></testcase><testcase classname="tests.test_iter45_review" name="test_muster_daily_roster_admin_200" time="0.000"><skipped type="pytest.skip" message="admin login failed: 404 {&quot;detail&quot;:&quot;Not Found&quot;}">/app/backend/tests/test_iter45_review.py:130: admin login failed: 404 {"detail":"Not Found"}</skipped></testcase><testcase classname="tests.test_iter45_review" name="test_muster_daily_roster_no_auth_401" time="0.145" /></testsuite></testsuites>