<?xml version="1.0" encoding="utf-8"?><testsuites name="pytest tests"><testsuite name="pytest" errors="0" failures="0" skipped="0" tests="45" time="85.014" timestamp="2026-08-16T13:46:28.258595+00:00" hostname="agent-env-b0401a0a-2d4a-432f-9bc6-c5046b9cbe39"><testcase classname="tests.test_meal_muster" name="test_meal_config_shape" time="0.466" /><testcase classname="tests.test_meal_muster" name="test_meal_config_requires_auth" time="0.100" /><testcase classname="tests.test_meal_muster" name="test_meals_roster_shape_and_scope_all" time="0.115" /><testcase classname="tests.test_meal_muster" name="test_meals_roster_requires_auth" time="0.109" /><testcase classname="tests.test_meal_muster" name="test_meals_roster_scope_athletes_only" time="0.104" /><testcase classname="tests.test_meal_muster" name="test_meals_roster_scope_staff_only" time="0.098" /><testcase classname="tests.test_meal_muster" name="test_meals_roster_scope_non_athletes_excludes_athletes" time="0.100" /><testcase classname="tests.test_meal_muster" name="test_meals_roster_bad_meal" time="0.103" /><testcase classname="tests.test_meal_muster" name="test_meals_roster_bad_date" time="0.092" /><testcase classname="tests.test_meal_muster" name="test_mark_bulk_and_idempotency" time="0.898" /><testcase classname="tests.test_meal_muster" name="test_unmark_bulk_removes_records" time="0.868" /><testcase classname="tests.test_meal_muster" name="test_mark_bulk_requires_auth" time="0.096" /><testcase classname="tests.test_meal_muster" name="test_daily_counts_shape_and_totals" time="0.896" /><testcase classname="tests.test_meal_muster" name="test_daily_counts_bad_date" time="0.094" /><testcase classname="tests.test_meal_muster" name="test_monthly_grid_shape_and_totals" time="0.689" /><testcase classname="tests.test_meal_muster" name="test_monthly_grid_bad_month" time="0.094" /><testcase classname="tests.test_meal_muster" name="test_daily_counts_requires_auth" time="0.124" /><testcase classname="tests.test_meal_muster" name="test_monthly_grid_requires_auth" time="0.131" /><testcase classname="tests.test_meal_mark_bulk_eligibility" name="test_mark_bulk_skips_meal_ineligible_category" time="1.201" /><testcase classname="tests.test_meal_mark_bulk_eligibility" name="test_mark_bulk_skips_ex_member_leaving_yesterday" time="0.894" /><testcase classname="tests.test_meal_mark_bulk_eligibility" name="test_mark_bulk_allows_leaving_date_equals_meal_date" time="0.843" /><testcase classname="tests.test_meal_mark_bulk_eligibility" name="test_mark_bulk_mixed_batch" time="3.492" /><testcase classname="tests.test_meal_mark_bulk_eligibility" name="test_mark_bulk_skips_admin_role" time="0.647" /><testcase classname="tests.test_meal_mark_bulk_eligibility" name="test_mark_bulk_duplicate_key_second_call_all_skipped" time="0.754" /><testcase classname="tests.test_meal_mark_bulk_eligibility" name="test_mark_bulk_empty_user_ids" time="0.094" /><testcase classname="tests.test_meal_mark_bulk_eligibility" name="test_meal_records_unique_index_present" time="0.065" /><testcase classname="tests.test_meal_roster_ex_member_and_eligibility" name="test_roster_response_shape_regression" time="0.122" /><testcase classname="tests.test_meal_roster_ex_member_and_eligibility" name="test_roster_excludes_ex_member_leaving_yesterday" time="0.694" /><testcase classname="tests.test_meal_roster_ex_member_and_eligibility" name="test_roster_includes_member_leaving_today_is_final_day" time="0.676" /><testcase classname="tests.test_meal_roster_ex_member_and_eligibility" name="test_roster_includes_member_leaving_tomorrow" time="0.637" /><testcase classname="tests.test_meal_roster_ex_member_and_eligibility" name="test_roster_ex_member_gate_uses_meal_date_not_today" time="60.564" /><testcase classname="tests.test_meal_roster_ex_member_and_eligibility" name="test_roster_excludes_meal_ineligible_category_and_reincludes_on_flip_back" time="1.229" /><testcase classname="tests.test_meal_roster_ex_member_and_eligibility" name="test_scope_staff_empty_when_staff_meal_eligible_false" time="0.919" /><testcase classname="tests.test_meal_roster_ex_member_and_eligibility" name="test_scope_staff_has_members_when_eligible" time="0.884" /><testcase classname="tests.test_meal_roster_ex_member_and_eligibility" name="test_scope_athletes_respects_meal_eligible" time="0.700" /><testcase classname="tests.test_meal_roster_ex_member_and_eligibility" name="test_scope_non_athletes_applies_meal_eligible" time="0.836" /><testcase classname="tests.test_meal_roster_ex_member_and_eligibility" name="test_chef_view_and_roster_have_same_member_set" time="0.213" /><testcase classname="tests.test_meals" name="test_categories_master_returns_five_seeded_rows" time="0.500" /><testcase classname="tests.test_meals" name="test_meals_today_requires_auth" time="0.099" /><testcase classname="tests.test_meals" name="test_meals_today_default_cutoff_shape" time="0.539" /><testcase classname="tests.test_meals" name="test_meals_today_uses_office_setting" time="1.040" /><testcase classname="tests.test_meals" name="test_meals_today_cutoff_widens_pool" time="0.706" /><testcase classname="tests.test_meals" name="test_meals_today_invalid_cutoff_rejected" time="0.425" /><testcase classname="tests.test_meals" name="test_meals_today_invalid_date_rejected" time="0.443" /><testcase classname="tests.test_meals" name="test_meals_today_member_has_photo_and_checkin" time="0.529" /></testsuite></testsuites>