<?xml version="1.0" encoding="utf-8"?><testsuites name="pytest tests"><testsuite name="pytest" errors="0" failures="0" skipped="0" tests="11" time="3.600" timestamp="2026-06-30T03:24:08.600362+00:00" hostname="agent-env-b0401a0a-2d4a-432f-9bc6-c5046b9cbe39"><testcase classname="tests.test_review_iter17" name="test_smoke_all_refactored_routes_200" time="0.925" /><testcase classname="tests.test_review_iter17" name="test_sites_get_returns_array" time="0.048" /><testcase classname="tests.test_review_iter17" name="test_sites_admin_crud_and_dup" time="0.241" /><testcase classname="tests.test_review_iter17" name="test_sites_member_forbidden" time="0.102" /><testcase classname="tests.test_review_iter17" name="test_geo_toggle_inside_satellite_stamps_site" time="0.240" /><testcase classname="tests.test_review_iter17" name="test_geo_toggle_inside_office_no_satellite_stamp" time="0.229" /><testcase classname="tests.test_review_iter17" name="test_geo_toggle_outside_all_geofences_off_site" time="0.204" /><testcase classname="tests.test_review_iter17" name="test_admin_activity_carries_site_name" time="0.771" /><testcase classname="tests.test_review_iter17" name="test_staff_comp_off_balance_includes_tour_weekly_off" time="0.468" /><testcase classname="tests.test_review_iter17" name="test_pending_tour_does_not_accrue" time="0.180" /><testcase classname="tests.test_review_iter17" name="test_admin_user_no_tour_balance_unchanged" time="0.148" /></testsuite></testsuites>