<?xml version="1.0" encoding="utf-8"?><testsuites name="pytest tests"><testsuite name="pytest" errors="0" failures="0" skipped="0" tests="3" time="1.611" timestamp="2026-07-08T02:10:52.862684+00:00" hostname="agent-env-b0401a0a-2d4a-432f-9bc6-c5046b9cbe39"><testcase classname="tests.test_presence_by_location" name="test_presence_has_by_location_key" time="0.638" /><testcase classname="tests.test_presence_by_location" name="test_dashboard_has_by_location_key" time="0.448" /><testcase classname="tests.test_presence_by_location" name="test_presence_member_has_site_fields" time="0.510" /></testsuite></testsuites>