<?xml version="1.0" encoding="utf-8"?><testsuites name="pytest tests"><testsuite name="pytest" errors="0" failures="0" skipped="0" tests="6" time="2.687" timestamp="2026-06-28T05:57:25.850076+00:00" hostname="agent-env-b0401a0a-2d4a-432f-9bc6-c5046b9cbe39"><testcase classname="tests.test_review_iter13.TestEscortEtaWiring" name="test_no_stepout_eta_fields_all_none" time="0.937" /><testcase classname="tests.test_review_iter13.TestEscortEtaWiring" name="test_stepout_with_hhmm_eta_populates_all_three" time="0.387" /><testcase classname="tests.test_review_iter13.TestEscortEtaWiring" name="test_stepout_without_eta_keeps_fields_none" time="0.441" /><testcase classname="tests.test_review_iter13.TestEscortEtaWiring" name="test_future_eta_overdue_minutes_zero" time="0.334" /><testcase classname="tests.test_review_iter13.TestEscortEtaWiring" name="test_past_eta_overdue_minutes_large_positive" time="0.473" /><testcase classname="tests.test_review_iter13.TestMemberEtaShape" name="test_every_member_row_has_eta_triple" time="0.081" /></testsuite></testsuites>