<?xml version="1.0" encoding="utf-8"?><testsuites name="pytest tests"><testsuite name="pytest" errors="0" failures="0" skipped="0" tests="12" time="2.563" timestamp="2026-08-18T02:44:13.123846+00:00" hostname="agent-env-b0401a0a-2d4a-432f-9bc6-c5046b9cbe39"><testcase classname="tests.test_pantry_iter41.TestMinStockField" name="test_create_item_with_min_stock" time="0.825" /><testcase classname="tests.test_pantry_iter41.TestMinStockField" name="test_create_item_negative_min_stock_rejected" time="0.062" /><testcase classname="tests.test_pantry_iter41.TestMinStockField" name="test_patch_min_stock" time="0.256" /><testcase classname="tests.test_pantry_iter41.TestStockLowCount" name="test_stock_returns_min_and_low_flag" time="0.124" /><testcase classname="tests.test_pantry_iter41.TestStockLowCount" name="test_low_when_no_min_and_zero_stock" time="0.063" /><testcase classname="tests.test_pantry_iter41.TestItemLedger" name="test_ledger_totals_and_on_hand_rice" time="0.067" /><testcase classname="tests.test_pantry_iter41.TestItemLedger" name="test_ledger_default_range_30d" time="0.067" /><testcase classname="tests.test_pantry_iter41.TestItemLedger" name="test_ledger_unknown_item_404" time="0.062" /><testcase classname="tests.test_pantry_iter41.TestItemLedger" name="test_ledger_chef_can_read" time="0.814" /><testcase classname="tests.test_pantry_iter41.TestCategorySummary" name="test_grocery_summary_range" time="0.066" /><testcase classname="tests.test_pantry_iter41.TestCategorySummary" name="test_summary_unknown_category_404" time="0.062" /><testcase classname="tests.test_pantry_iter41.TestCategorySummary" name="test_summary_chef_can_read" time="0.069" /></testsuite></testsuites>