<?xml version="1.0" encoding="utf-8"?><testsuites name="pytest tests"><testsuite name="pytest" errors="0" failures="1" skipped="0" tests="7" time="2.180" timestamp="2026-09-09T15:35:55.664862+00:00" hostname="agent-env-b0401a0a-2d4a-432f-9bc6-c5046b9cbe39"><testcase classname="tests.test_tasks_iter53" name="test_tasks_today_staff_disabled" time="0.616" /><testcase classname="tests.test_tasks_iter53" name="test_todos_list_staff_403" time="0.076" /><testcase classname="tests.test_tasks_iter53" name="test_checklist_dow_requires_days" time="0.533" /><testcase classname="tests.test_tasks_iter53" name="test_todo_assign_to_non_executive_400" time="0.159" /><testcase classname="tests.test_tasks_iter53" name="test_dar_prefill_exec" time="0.092" /><testcase classname="tests.test_tasks_iter53" name="test_admin_overview_ok" time="0.570" /><testcase classname="tests.test_tasks_iter53" name="test_geo_toggle_site_label" time="0.085"><failure message="AssertionError: {&quot;detail&quot;:&quot;Method Not Allowed&quot;}&#10;assert 405 == 200&#10; +  where 405 = &lt;Response [405]&gt;.status_code">tests/test_tasks_iter53.py:96: in test_geo_toggle_site_label
    assert r.status_code == 200, r.text
E   AssertionError: {"detail":"Method Not Allowed"}
E   assert 405 == 200
E    +  where 405 = &lt;Response [405]&gt;.status_code</failure></testcase></testsuite></testsuites>