<?xml version="1.0" encoding="utf-8"?><testsuites name="pytest tests"><testsuite name="pytest" errors="0" failures="0" skipped="0" tests="8" time="2.783" timestamp="2026-06-28T04:29:35.577234+00:00" hostname="agent-env-b0401a0a-2d4a-432f-9bc6-c5046b9cbe39"><testcase classname="tests.test_review_iter11.TestPresenceEscortsPresent" name="test_active_escort_checkin_surfaces_in_strip" time="0.752" /><testcase classname="tests.test_review_iter11.TestPresenceEscortsPresent" name="test_step_out_surfaces_temp_out_true_with_reason" time="0.297" /><testcase classname="tests.test_review_iter11.TestPresenceEscortsPresent" name="test_checkout_removes_from_strip" time="0.432" /><testcase classname="tests.test_review_iter11.TestPresenceEscortsPresent" name="test_historical_presence_returns_empty_escorts_present" time="0.236" /><testcase classname="tests.test_review_iter11.TestPresenceEscortsPresent" name="test_inactive_escort_not_in_strip" time="0.257" /><testcase classname="tests.test_review_iter11.TestMusterAlreadyCheckedIn" name="test_checkin_mode_returns_already_in_with_timestamp" time="0.364" /><testcase classname="tests.test_review_iter11.TestMusterAlreadyCheckedIn" name="test_checkout_mode_already_in_always_false" time="0.204" /><testcase classname="tests.test_review_iter11.TestMusterAlreadyCheckedIn" name="test_bulk_checkin_skips_already_checked_in" time="0.200" /></testsuite></testsuites>