<?xml version="1.0" encoding="utf-8"?><testsuites name="pytest tests"><testsuite name="pytest" errors="0" failures="1" skipped="0" tests="19" time="14.031" timestamp="2026-08-16T13:45:41.134900+00:00" hostname="agent-env-b0401a0a-2d4a-432f-9bc6-c5046b9cbe39"><testcase classname="tests.test_meal_mark_bulk_eligibility" name="test_mark_bulk_skips_meal_ineligible_category" time="1.846" /><testcase classname="tests.test_meal_mark_bulk_eligibility" name="test_mark_bulk_skips_ex_member_leaving_yesterday" time="0.851" /><testcase classname="tests.test_meal_mark_bulk_eligibility" name="test_mark_bulk_allows_leaving_date_equals_meal_date" time="0.894" /><testcase classname="tests.test_meal_mark_bulk_eligibility" name="test_mark_bulk_mixed_batch" time="1.112"><failure message="AssertionError: {&quot;detail&quot;:[{&quot;type&quot;:&quot;literal_error&quot;,&quot;loc&quot;:[&quot;body&quot;,&quot;category&quot;],&quot;msg&quot;:&quot;Input should be 'athlete', 'elite', 'staff', 'coach' or 'executive'&quot;,&quot;input&quot;:&quot;testcat81e209&quot;,&quot;ctx&quot;:{&quot;expected&quot;:&quot;'athlete', 'elite', 'staff', 'coach' or 'executive'&quot;},&quot;url&quot;:&quot;https://errors.pydantic.dev/2.13/v/literal_error&quot;}]}&#10;assert 422 == 200&#10; +  where 422 = &lt;Response [422]&gt;.status_code">tests/test_meal_mark_bulk_eligibility.py:179: in test_mark_bulk_mixed_batch
    m_ineligible = _create_member(base_url, admin_token, category=custom_key)
                   ^^^^^^^^^^^^^^^^^^^^^^^^^^^^^^^^^^^^^^^^^^^^^^^^^^^^^^^^^^
tests/test_meal_mark_bulk_eligibility.py:42: in _create_member
    assert r.status_code == 200, r.text
E   AssertionError: {"detail":[{"type":"literal_error","loc":["body","category"],"msg":"Input should be 'athlete', 'elite', 'staff', 'coach' or 'executive'","input":"testcat81e209","ctx":{"expected":"'athlete', 'elite', 'staff', 'coach' or 'executive'"},"url":"https://errors.pydantic.dev/2.13/v/literal_error"}]}
E   assert 422 == 200
E    +  where 422 = &lt;Response [422]&gt;.status_code</failure></testcase><testcase classname="tests.test_meal_mark_bulk_eligibility" name="test_mark_bulk_skips_admin_role" time="0.698" /><testcase classname="tests.test_meal_mark_bulk_eligibility" name="test_mark_bulk_duplicate_key_second_call_all_skipped" time="0.715" /><testcase classname="tests.test_meal_mark_bulk_eligibility" name="test_mark_bulk_empty_user_ids" time="0.092" /><testcase classname="tests.test_meal_mark_bulk_eligibility" name="test_meal_records_unique_index_present" time="0.066" /><testcase classname="tests.test_meal_roster_ex_member_and_eligibility" name="test_roster_response_shape_regression" time="0.123" /><testcase classname="tests.test_meal_roster_ex_member_and_eligibility" name="test_roster_excludes_ex_member_leaving_yesterday" time="0.701" /><testcase classname="tests.test_meal_roster_ex_member_and_eligibility" name="test_roster_includes_member_leaving_today_is_final_day" time="0.721" /><testcase classname="tests.test_meal_roster_ex_member_and_eligibility" name="test_roster_includes_member_leaving_tomorrow" time="0.804" /><testcase classname="tests.test_meal_roster_ex_member_and_eligibility" name="test_roster_ex_member_gate_uses_meal_date_not_today" time="0.686" /><testcase classname="tests.test_meal_roster_ex_member_and_eligibility" name="test_roster_excludes_meal_ineligible_category_and_reincludes_on_flip_back" time="1.139" /><testcase classname="tests.test_meal_roster_ex_member_and_eligibility" name="test_scope_staff_empty_when_staff_meal_eligible_false" time="0.977" /><testcase classname="tests.test_meal_roster_ex_member_and_eligibility" name="test_scope_staff_has_members_when_eligible" time="0.873" /><testcase classname="tests.test_meal_roster_ex_member_and_eligibility" name="test_scope_athletes_respects_meal_eligible" time="0.598" /><testcase classname="tests.test_meal_roster_ex_member_and_eligibility" name="test_scope_non_athletes_applies_meal_eligible" time="0.844" /><testcase classname="tests.test_meal_roster_ex_member_and_eligibility" name="test_chef_view_and_roster_have_same_member_set" time="0.207" /></testsuite></testsuites>