<?xml version="1.0" encoding="utf-8"?><testsuites name="pytest tests"><testsuite name="pytest" errors="0" failures="0" skipped="0" tests="8" time="2.958" timestamp="2026-08-18T02:04:34.527504+00:00" hostname="agent-env-b0401a0a-2d4a-432f-9bc6-c5046b9cbe39"><testcase classname="tests.test_meal_masters_iter40.TestPurchaseCategoriesActive" name="test_active_flag_round_trip" time="0.869" /><testcase classname="tests.test_meal_masters_iter40.TestPurchaseCategoriesActive" name="test_duplicate_key_rejected" time="0.072" /><testcase classname="tests.test_meal_masters_iter40.TestItemsReorder" name="test_reorder_sets_sort_order" time="0.260" /><testcase classname="tests.test_meal_masters_iter40.TestItemsReorder" name="test_reorder_rejects_unknown_item_ids" time="0.063" /><testcase classname="tests.test_meal_masters_iter40.TestItemsReorder" name="test_reorder_forbidden_for_chef" time="0.989" /><testcase classname="tests.test_meal_masters_iter40.TestItemLifecycle" name="test_soft_delete_when_history_exists" time="0.274" /><testcase classname="tests.test_meal_masters_iter40.TestItemLifecycle" name="test_hard_delete_when_no_history" time="0.130" /><testcase classname="tests.test_meal_masters_iter40.TestItemLifecycle" name="test_move_item_between_categories" time="0.261" /></testsuite></testsuites>