<?xml version="1.0" encoding="utf-8"?><testsuites name="pytest tests"><testsuite name="pytest" errors="0" failures="0" skipped="0" tests="3" time="0.788" timestamp="2026-07-07T15:05:52.811991+00:00" hostname="agent-env-b0401a0a-2d4a-432f-9bc6-c5046b9cbe39"><testcase classname="tests.test_dashboard" name="test_dashboard_requires_auth" time="0.238" /><testcase classname="tests.test_dashboard" name="test_dashboard_rejects_bogus_token" time="0.102" /><testcase classname="tests.test_dashboard" name="test_dashboard_payload_shape" time="0.433" /></testsuite></testsuites>