<?xml version="1.0" encoding="utf-8"?><testsuites name="pytest tests"><testsuite name="pytest" errors="0" failures="0" skipped="0" tests="6" time="2.884" timestamp="2026-06-28T05:31:28.444953+00:00" hostname="agent-env-b0401a0a-2d4a-432f-9bc6-c5046b9cbe39"><testcase classname="tests.test_review_iter12.TestPresenceTempOutWiring" name="test_active_no_stepout_has_temp_out_false" time="0.904" /><testcase classname="tests.test_review_iter12.TestPresenceTempOutWiring" name="test_temp_exit_flips_temp_out_true_with_reason" time="0.428" /><testcase classname="tests.test_review_iter12.TestPresenceTempOutWiring" name="test_return_flips_temp_out_back_to_false" time="0.451" /><testcase classname="tests.test_review_iter12.TestPresenceTempOutWiring" name="test_historical_presence_returns_empty_escorts" time="0.326" /><testcase classname="tests.test_review_iter12.TestPresenceTempOutWiring" name="test_double_stepout_rejected" time="0.337" /><testcase classname="tests.test_review_iter12.TestPresenceTempOutWiring" name="test_return_without_open_stepout_rejected" time="0.411" /></testsuite></testsuites>