<?xml version="1.0" encoding="utf-8"?><testsuites name="pytest tests"><testsuite name="pytest" errors="0" failures="0" skipped="0" tests="18" time="5.167" timestamp="2026-06-28T13:36:17.618421+00:00" hostname="agent-env-b0401a0a-2d4a-432f-9bc6-c5046b9cbe39"><testcase classname="tests.test_review_iter14.TestEscortStatusDiscriminator" name="test_on_campus_row_shape" time="0.774" /><testcase classname="tests.test_review_iter14.TestEscortStatusDiscriminator" name="test_temp_out_status_when_open_excursion" time="0.334" /><testcase classname="tests.test_review_iter14.TestEscortStatusDiscriminator" name="test_return_flips_status_back_to_on_campus" time="0.410" /><testcase classname="tests.test_review_iter14.TestEscortStatusDiscriminator" name="test_checkout_marks_exited_keeps_row" time="0.311" /><testcase classname="tests.test_review_iter14.TestEscortStatusDiscriminator" name="test_exited_takes_precedence_over_temp_out" time="0.369" /><testcase classname="tests.test_review_iter14.TestHistoricalAndRegression" name="test_historical_returns_empty_escorts" time="0.294" /><testcase classname="tests.test_review_iter14.TestHistoricalAndRegression" name="test_member_rows_still_have_eta_triple" time="0.079" /><testcase classname="tests.test_review_iter14.TestHistoricalAndRegression" name="test_no_duplicate_escort_ids" time="0.081" /><testcase classname="tests.test_review_iter14.TestHistoricalAndRegression" name="test_statuses_are_within_known_set" time="0.079" /><testcase classname="tests.test_review_iter14.TestHistoricalAndRegression" name="test_no_heavy_selfie_payload_leak" time="0.076" /><testcase classname="tests.test_review_iter11.TestPresenceEscortsPresent" name="test_active_escort_checkin_surfaces_in_strip" time="0.289" /><testcase classname="tests.test_review_iter11.TestPresenceEscortsPresent" name="test_step_out_surfaces_temp_out_true_with_reason" time="0.321" /><testcase classname="tests.test_review_iter11.TestPresenceEscortsPresent" name="test_checkout_marks_exited_in_escorts_present" time="0.373" /><testcase classname="tests.test_review_iter11.TestPresenceEscortsPresent" name="test_historical_presence_returns_empty_escorts_present" time="0.285" /><testcase classname="tests.test_review_iter11.TestPresenceEscortsPresent" name="test_inactive_escort_not_in_strip" time="0.244" /><testcase classname="tests.test_review_iter11.TestMusterAlreadyCheckedIn" name="test_checkin_mode_returns_already_in_with_timestamp" time="0.332" /><testcase classname="tests.test_review_iter11.TestMusterAlreadyCheckedIn" name="test_checkout_mode_already_in_always_false" time="0.257" /><testcase classname="tests.test_review_iter11.TestMusterAlreadyCheckedIn" name="test_bulk_checkin_skips_already_checked_in" time="0.210" /></testsuite></testsuites>