<?xml version="1.0" encoding="utf-8"?><testsuites name="pytest tests"><testsuite name="pytest" errors="0" failures="0" skipped="0" tests="12" time="3.796" timestamp="2026-07-09T05:52:41.973884+00:00" hostname="agent-env-b0401a0a-2d4a-432f-9bc6-c5046b9cbe39"><testcase classname="tests.test_roles_and_admin_corrections" name="test_roles_master_seeded" time="0.579" /><testcase classname="tests.test_roles_and_admin_corrections" name="test_roles_list_visible_to_non_admin" time="0.773" /><testcase classname="tests.test_roles_and_admin_corrections" name="test_roles_system_delete_blocked" time="0.110" /><testcase classname="tests.test_roles_and_admin_corrections" name="test_roles_create_and_delete_custom" time="0.171" /><testcase classname="tests.test_roles_and_admin_corrections" name="test_chef_can_hit_meals_today" time="0.729" /><testcase classname="tests.test_roles_and_admin_corrections" name="test_chef_can_hit_muster" time="0.078" /><testcase classname="tests.test_roles_and_admin_corrections" name="test_chef_can_hit_presence" time="0.083" /><testcase classname="tests.test_roles_and_admin_corrections" name="test_chef_cannot_create_category" time="0.049" /><testcase classname="tests.test_roles_and_admin_corrections" name="test_chef_cannot_create_role" time="0.049" /><testcase classname="tests.test_roles_and_admin_corrections" name="test_admin_files_correction_on_behalf_of_member" time="0.147" /><testcase classname="tests.test_roles_and_admin_corrections" name="test_non_admin_cannot_use_on_behalf_of" time="0.048" /><testcase classname="tests.test_roles_and_admin_corrections" name="test_filer_admin_cannot_approve_own_on_behalf_correction" time="0.958" /></testsuite></testsuites>