<?xml version="1.0" encoding="utf-8"?><testsuites name="pytest tests"><testsuite name="pytest" errors="0" failures="0" skipped="0" tests="8" time="1.416" timestamp="2026-08-18T03:41:28.017099+00:00" hostname="agent-env-b0401a0a-2d4a-432f-9bc6-c5046b9cbe39"><testcase classname="tests.test_pantry_iter43.TestNormPerServing" name="test_get_items_includes_norm" time="0.558" /><testcase classname="tests.test_pantry_iter43.TestNormPerServing" name="test_create_item_negative_norm_rejected" time="0.062" /><testcase classname="tests.test_pantry_iter43.TestNormPerServing" name="test_create_and_patch_norm_persists" time="0.296" /><testcase classname="tests.test_pantry_iter43.TestConsumptionCheck" name="test_basic_shape" time="0.060" /><testcase classname="tests.test_pantry_iter43.TestConsumptionCheck" name="test_known_flags" time="0.061" /><testcase classname="tests.test_pantry_iter43.TestConsumptionCheck" name="test_tolerance_validation" time="0.217" /><testcase classname="tests.test_pantry_iter43.TestReorderSuggestions" name="test_shape_and_contents" time="0.061" /><testcase classname="tests.test_pantry_iter43.TestStockRegression" name="test_stock_shape_unchanged" time="0.059" /></testsuite></testsuites>