<?xml version="1.0" encoding="utf-8"?><testsuites name="pytest tests"><testsuite name="pytest" errors="0" failures="0" skipped="0" tests="9" time="20.676" timestamp="2026-08-19T11:19:58.760046+00:00" hostname="agent-env-b0401a0a-2d4a-432f-9bc6-c5046b9cbe39"><testcase classname="tests.test_meals_patch_iter47" name="test_patch_purchases_two_items_coexist" time="16.733" /><testcase classname="tests.test_meals_patch_iter47" name="test_patch_purchases_zero_qty_removes" time="0.471" /><testcase classname="tests.test_meals_patch_iter47" name="test_patch_purchases_explicit_removes" time="0.626" /><testcase classname="tests.test_meals_patch_iter47" name="test_patch_purchases_unknown_item" time="0.489" /><testcase classname="tests.test_meals_patch_iter47" name="test_patch_purchases_future_date" time="0.361" /><testcase classname="tests.test_meals_patch_iter47" name="test_patch_issues_two_items_coexist" time="0.473" /><testcase classname="tests.test_meals_patch_iter47" name="test_patch_issues_zero_removes" time="0.443" /><testcase classname="tests.test_meals_patch_iter47" name="test_legacy_put_purchases_clears" time="0.573" /><testcase classname="tests.test_meals_patch_iter47" name="test_expense_report_reflects_patch" time="0.468" /></testsuite></testsuites>