<?xml version="1.0" encoding="utf-8"?><testsuites name="pytest tests"><testsuite name="pytest" errors="0" failures="0" skipped="0" tests="24" time="2.826" timestamp="2026-06-25T04:59:18.303401+00:00" hostname="agent-env-b0401a0a-2d4a-432f-9bc6-c5046b9cbe39"><testcase classname="tests.test_review_iter3" name="test_01_health_endpoint" time="0.243" /><testcase classname="tests.test_review_iter3" name="test_02_request_id_auto_generated" time="0.093" /><testcase classname="tests.test_review_iter3" name="test_03_request_id_client_supplied_echo" time="0.096" /><testcase classname="tests.test_review_iter3" name="test_04_request_id_on_other_endpoints" time="0.589" /><testcase classname="tests.test_review_iter3" name="test_05_admin_login_and_presence_130" time="0.084" /><testcase classname="tests.test_review_iter3" name="test_06_phone_admin_bypass" time="0.368" /><testcase classname="tests.test_review_iter3" name="test_07_office_no_qr_token" time="0.046" /><testcase classname="tests.test_review_iter3" name="test_08_devices_filter[pending]" time="0.047" /><testcase classname="tests.test_review_iter3" name="test_08_devices_filter[approved]" time="0.048" /><testcase classname="tests.test_review_iter3" name="test_08_devices_filter[rejected]" time="0.046" /><testcase classname="tests.test_review_iter3" name="test_08_devices_filter[revoked]" time="0.045" /><testcase classname="tests.test_review_iter3" name="test_09_leaves_filter[pending]" time="0.046" /><testcase classname="tests.test_review_iter3" name="test_09_leaves_filter[approved]" time="0.046" /><testcase classname="tests.test_review_iter3" name="test_09_leaves_filter[rejected]" time="0.047" /><testcase classname="tests.test_review_iter3" name="test_09_leaves_filter[late]" time="0.046" /><testcase classname="tests.test_review_iter3" name="test_10_leave_create_and_approve" time="0.164" /><testcase classname="tests.test_review_iter3" name="test_11_overtime_filters" time="0.092" /><testcase classname="tests.test_review_iter3" name="test_12_payroll_month" time="0.052" /><testcase classname="tests.test_review_iter3" name="test_13_reports_hours" time="0.052" /><testcase classname="tests.test_review_iter3" name="test_14_reports_daily" time="0.045" /><testcase classname="tests.test_review_iter3" name="test_15_reports_csv_export" time="0.051" /><testcase classname="tests.test_review_iter3" name="test_16_geo_toggle" time="0.137" /><testcase classname="tests.test_review_iter3" name="test_17_muster_bulk" time="0.205" /><testcase classname="tests.test_review_iter3" name="test_99_cleanup" time="0.087" /></testsuite></testsuites>