<?xml version="1.0" encoding="utf-8"?><testsuites name="pytest tests"><testsuite name="pytest" errors="0" failures="0" skipped="0" tests="10" time="2.679" timestamp="2026-06-26T02:07:50.743342+00:00" hostname="agent-env-b0401a0a-2d4a-432f-9bc6-c5046b9cbe39"><testcase classname="tests.test_unified_leave_iter4.TestLeaveSummary" name="test_me_leave_summary_shape" time="0.704" /><testcase classname="tests.test_unified_leave_iter4.TestLeaveSummary" name="test_member_leave_summary_admin" time="0.221" /><testcase classname="tests.test_unified_leave_iter4.TestLeaveSummary" name="test_member_leave_summary_404" time="0.100" /><testcase classname="tests.test_unified_leave_iter4.TestLegacyCompOff" name="test_me_comp_off_balance" time="0.105" /><testcase classname="tests.test_unified_leave_iter4.TestLegacyCompOff" name="test_member_comp_off_balance" time="0.137" /><testcase classname="tests.test_unified_leave_iter4.TestAuthMeRegression" name="test_auth_me_enriched" time="0.000" /><testcase classname="tests.test_unified_leave_iter4.TestLeaveCreateWaterfall" name="test_zero_balance_leave_all_lop" time="0.637" /><testcase classname="tests.test_unified_leave_iter4.TestLeaveCreateWaterfall" name="test_tour_does_not_stamp_ladder" time="0.324" /><testcase classname="tests.test_unified_leave_iter4.TestGroupLeave" name="test_group_leave_creates_rows" time="0.302" /><testcase classname="tests.test_unified_leave_iter4.TestLeavesListing" name="test_admin_list_enriched" time="0.111" /></testsuite></testsuites>