<?xml version="1.0" encoding="utf-8"?><testsuites name="pytest tests"><testsuite name="pytest" errors="0" failures="0" skipped="0" tests="10" time="1.469" timestamp="2026-06-27T22:54:31.723112+00:00" hostname="agent-env-b0401a0a-2d4a-432f-9bc6-c5046b9cbe39"><testcase classname="tests.test_review_iter5.TestOverlapEndpoint" name="test_overlap_requires_auth" time="0.258" /><testcase classname="tests.test_review_iter5.TestOverlapEndpoint" name="test_overlap_returns_list" time="0.424" /><testcase classname="tests.test_review_iter5.TestOverlapEndpoint" name="test_overlap_excludes_rejected_and_latecoming" time="0.052" /><testcase classname="tests.test_review_iter5.TestOverlapEndpoint" name="test_overlap_exclude_user_id" time="0.102" /><testcase classname="tests.test_review_iter5.TestOverlapEndpoint" name="test_overlap_available_to_any_authenticated_user" time="0.047" /><testcase classname="tests.test_review_iter5.TestLeaveBalancesExtended" name="test_listing_payload_has_new_columns" time="0.054" /><testcase classname="tests.test_review_iter5.TestUnifiedLeaveRegression" name="test_leave_post_stamps_waterfall_fields" time="0.212" /><testcase classname="tests.test_review_iter5.TestUnifiedLeaveRegression" name="test_tour_post_does_not_stamp_waterfall" time="0.179" /><testcase classname="tests.test_review_iter5.TestUnifiedLeaveRegression" name="test_auth_me_still_works" time="0.050" /><testcase classname="tests.test_review_iter5.TestUnifiedLeaveRegression" name="test_leaves_listing_enriched" time="0.053" /></testsuite></testsuites>