<?xml version="1.0" encoding="utf-8"?><testsuites name="pytest tests"><testsuite name="pytest" errors="0" failures="0" skipped="0" tests="221" time="22.579" timestamp="2026-06-27T23:17:35.842371+00:00" hostname="agent-env-b0401a0a-2d4a-432f-9bc6-c5046b9cbe39"><testcase classname="tests.test_ishowedup_api" name="test_01_admin_login" time="0.337" /><testcase classname="tests.test_ishowedup_api" name="test_02_auth_me" time="0.107" /><testcase classname="tests.test_ishowedup_api" name="test_03_presence" time="0.500" /><testcase classname="tests.test_ishowedup_api" name="test_04_get_office" time="0.047" /><testcase classname="tests.test_ishowedup_api" name="test_05_put_office_roundtrip" time="0.096" /><testcase classname="tests.test_ishowedup_api" name="test_06_regenerate_qr" time="0.049" /><testcase classname="tests.test_ishowedup_api" name="test_07_create_member" time="0.342" /><testcase classname="tests.test_ishowedup_api" name="test_08_list_members_includes_new" time="0.066" /><testcase classname="tests.test_ishowedup_api" name="test_09_patch_member" time="0.059" /><testcase classname="tests.test_ishowedup_api" name="test_10_member_login_and_geo_checkin" time="0.430" /><testcase classname="tests.test_ishowedup_api" name="test_11_attendance_status_checked_in" time="0.100" /><testcase classname="tests.test_ishowedup_api" name="test_12_geo_toggle_checkout" time="0.115" /><testcase classname="tests.test_ishowedup_api" name="test_13_create_and_get_my_leave" time="0.224" /><testcase classname="tests.test_ishowedup_api" name="test_14_admin_list_and_approve_leave" time="0.102" /><testcase classname="tests.test_ishowedup_api" name="test_15_admin_summary" time="0.052" /><testcase classname="tests.test_ishowedup_api" name="test_16_phone_login_pending_approve_and_status" time="0.827" /><testcase classname="tests.test_ishowedup_api" name="test_17_reports_hours" time="0.053" /><testcase classname="tests.test_ishowedup_api" name="test_18_reports_hours_export" time="0.155" /><testcase classname="tests.test_ishowedup_api" name="test_19_members_import_template" time="0.051" /><testcase classname="tests.test_ishowedup_api" name="test_20_cleanup_delete_member" time="0.124" /><testcase classname="tests.test_ishowedup_api" name="test_21_final_cleanup_devices_and_phone_user" time="0.167" /><testcase classname="tests.test_parents_import_utils" name="test_norm_name_lowercases" time="0.000" /><testcase classname="tests.test_parents_import_utils" name="test_norm_name_collapses_whitespace" time="0.000" /><testcase classname="tests.test_parents_import_utils" name="test_norm_name_handles_empty" time="0.000" /><testcase classname="tests.test_parents_import_utils" name="test_fuzzy_score_identical_is_one" time="0.000" /><testcase classname="tests.test_parents_import_utils" name="test_fuzzy_score_case_insensitive" time="0.000" /><testcase classname="tests.test_parents_import_utils" name="test_fuzzy_score_close_match_is_high" time="0.000" /><testcase classname="tests.test_parents_import_utils" name="test_fuzzy_score_distant_match_is_low" time="0.000" /><testcase classname="tests.test_parents_import_utils" name="test_norm_mobile_int_value" time="0.000" /><testcase classname="tests.test_parents_import_utils" name="test_norm_mobile_float_value" time="0.000" /><testcase classname="tests.test_parents_import_utils" name="test_norm_mobile_string_strips_punctuation" time="0.000" /><testcase classname="tests.test_parents_import_utils" name="test_norm_mobile_blank_returns_none" time="0.000" /><testcase classname="tests.test_parents_import_utils" name="test_norm_mobile_no_number_markers_returns_none" time="0.000" /><testcase classname="tests.test_parents_import_utils" name="test_norm_mobile_negative_or_zero_int_returns_none" time="0.000" /><testcase classname="tests.test_parents_import_utils" name="test_clean_name_strips_whitespace" time="0.000" /><testcase classname="tests.test_parents_import_utils" name="test_clean_name_strips_late_prefix_for_deceased" time="0.000" /><testcase classname="tests.test_parents_import_utils" name="test_clean_name_returns_none_for_markers" time="0.000" /><testcase classname="tests.test_parents_import_utils" name="test_clean_name_returns_none_for_empty" time="0.000" /><testcase classname="tests.test_review_iter2" name="test_01_admin_email_login_and_presence" time="0.478" /><testcase classname="tests.test_review_iter2" name="test_02_phone_login_admin_bypass" time="0.123" /><testcase classname="tests.test_review_iter2" name="test_03_office_no_qr_token_leak" time="0.044" /><testcase classname="tests.test_review_iter2" name="test_04_removed_endpoints_404[/api/attendance/checkin-body0]" time="0.042" /><testcase classname="tests.test_review_iter2" name="test_04_removed_endpoints_404[/api/attendance/checkout-body1]" time="0.044" /><testcase classname="tests.test_review_iter2" name="test_04_removed_endpoints_404[/api/office/regenerate-qr-body2]" time="0.043" /><testcase classname="tests.test_review_iter2" name="test_04_removed_endpoints_404[/api/admin/snapshot/import-body3]" time="0.051" /><testcase classname="tests.test_review_iter2" name="test_05_admin_cards_shape" time="0.045" /><testcase classname="tests.test_review_iter2" name="test_06_presence_fields_and_performance" time="0.082" /><testcase classname="tests.test_review_iter2" name="test_07_geo_toggle_still_works" time="0.172" /><testcase classname="tests.test_review_iter2" name="test_08_member_create_has_mobile_last10" time="0.338" /><testcase classname="tests.test_review_iter2" name="test_09_member_patch_updates_mobile_last10" time="0.049" /><testcase classname="tests.test_review_iter2" name="test_10_phone_login_matches_via_mobile_last10" time="0.130" /><testcase classname="tests.test_review_iter2" name="test_11_member_import_bulk_with_duplicate" time="0.931" /><testcase classname="tests.test_review_iter2" name="test_12_muster_checkin_checkout" time="0.091" /><testcase classname="tests.test_review_iter2" name="test_13_admin_backup_targz" time="1.467" /><testcase classname="tests.test_review_iter2" name="test_14_admin_restore_merge_zero_inserted" time="0.976" /><testcase classname="tests.test_review_iter2" name="test_15_sms_test_endpoint_sane_when_disabled" time="0.052" /><testcase classname="tests.test_review_iter2" name="test_99_cleanup" time="0.112" /><testcase classname="tests.test_review_iter3" name="test_01_health_endpoint" time="0.101" /><testcase classname="tests.test_review_iter3" name="test_02_request_id_auto_generated" time="0.105" /><testcase classname="tests.test_review_iter3" name="test_03_request_id_client_supplied_echo" time="0.105" /><testcase classname="tests.test_review_iter3" name="test_04_request_id_on_other_endpoints" time="0.596" /><testcase classname="tests.test_review_iter3" name="test_05_admin_login_and_presence_130" time="0.094" /><testcase classname="tests.test_review_iter3" name="test_06_phone_admin_bypass" time="0.260" /><testcase classname="tests.test_review_iter3" name="test_07_office_no_qr_token" time="0.047" /><testcase classname="tests.test_review_iter3" name="test_08_devices_filter[pending]" time="0.054" /><testcase classname="tests.test_review_iter3" name="test_08_devices_filter[approved]" time="0.055" /><testcase classname="tests.test_review_iter3" name="test_08_devices_filter[rejected]" time="0.063" /><testcase classname="tests.test_review_iter3" name="test_08_devices_filter[revoked]" time="0.050" /><testcase classname="tests.test_review_iter3" name="test_09_leaves_filter[pending]" time="0.052" /><testcase classname="tests.test_review_iter3" name="test_09_leaves_filter[approved]" time="0.049" /><testcase classname="tests.test_review_iter3" name="test_09_leaves_filter[rejected]" time="0.057" /><testcase classname="tests.test_review_iter3" name="test_09_leaves_filter[late]" time="0.055" /><testcase classname="tests.test_review_iter3" name="test_10_leave_create_and_approve" time="0.186" /><testcase classname="tests.test_review_iter3" name="test_11_overtime_filters" time="0.109" /><testcase classname="tests.test_review_iter3" name="test_12_payroll_month" time="0.063" /><testcase classname="tests.test_review_iter3" name="test_13_reports_hours" time="0.064" /><testcase classname="tests.test_review_iter3" name="test_14_reports_daily" time="0.052" /><testcase classname="tests.test_review_iter3" name="test_15_reports_csv_export" time="0.056" /><testcase classname="tests.test_review_iter3" name="test_16_geo_toggle" time="0.149" /><testcase classname="tests.test_review_iter3" name="test_17_muster_bulk" time="0.224" /><testcase classname="tests.test_review_iter3" name="test_99_cleanup" time="0.099" /><testcase classname="tests.test_review_iter5.TestOverlapEndpoint" name="test_overlap_requires_auth" time="0.111" /><testcase classname="tests.test_review_iter5.TestOverlapEndpoint" name="test_overlap_returns_list" time="0.046" /><testcase classname="tests.test_review_iter5.TestOverlapEndpoint" name="test_overlap_excludes_rejected_and_latecoming" time="0.045" /><testcase classname="tests.test_review_iter5.TestOverlapEndpoint" name="test_overlap_exclude_user_id" time="0.097" /><testcase classname="tests.test_review_iter5.TestOverlapEndpoint" name="test_overlap_available_to_any_authenticated_user" time="0.046" /><testcase classname="tests.test_review_iter5.TestLeaveBalancesExtended" name="test_listing_payload_has_new_columns" time="0.048" /><testcase classname="tests.test_review_iter5.TestUnifiedLeaveRegression" name="test_leave_post_stamps_waterfall_fields" time="0.172" /><testcase classname="tests.test_review_iter5.TestUnifiedLeaveRegression" name="test_tour_post_does_not_stamp_waterfall" time="0.170" /><testcase classname="tests.test_review_iter5.TestUnifiedLeaveRegression" name="test_auth_me_still_works" time="0.049" /><testcase classname="tests.test_review_iter5.TestUnifiedLeaveRegression" name="test_leaves_listing_enriched" time="0.059" /><testcase classname="tests.test_review_iter6.TestMeLeaveSummary" name="test_admin_self_summary_has_all_iter6_fields" time="0.052" /><testcase classname="tests.test_review_iter6.TestMeLeaveSummary" name="test_member_summary_via_admin_route" time="0.124" /><testcase classname="tests.test_review_iter6.TestMeLeaveSummary" name="test_pending_count_reflects_open_leave" time="0.249" /><testcase classname="tests.test_review_iter7.TestEventConflictsContract" name="test_self_query_returns_dict_with_camps_and_regattas" time="0.046" /><testcase classname="tests.test_review_iter7.TestEventConflictsContract" name="test_regattas_have_expected_fields" time="0.047" /><testcase classname="tests.test_review_iter7.TestEventConflictsContract" name="test_camp_roster_match_for_agape_member" time="0.091" /><testcase classname="tests.test_review_iter7.TestEventConflictsContract" name="test_camp_excluded_for_different_institution_member" time="0.158" /><testcase classname="tests.test_review_iter7.TestEventConflictsContract" name="test_non_admin_cannot_query_other_user" time="0.091" /><testcase classname="tests.test_review_iter7.TestEventConflictsContract" name="test_admin_querying_other_user_works" time="0.114" /><testcase classname="tests.test_review_iter7.TestRegression213Baseline" name="test_me_leave_summary_still_ok" time="0.046" /><testcase classname="tests.test_review_iter7.TestRegression213Baseline" name="test_leaves_overlap_still_ok" time="0.044" /><testcase classname="tests.test_routes_leaves" name="test_member_can_file_their_own_leave" time="0.456" /><testcase classname="tests.test_routes_leaves" name="test_admin_files_on_behalf_stamps_filed_by_admin" time="0.174" /><testcase classname="tests.test_routes_leaves" name="test_non_admin_cannot_file_on_behalf" time="0.088" /><testcase classname="tests.test_routes_leaves" name="test_late_application_flag_set_for_back_dated_filings" time="0.091" /><testcase classname="tests.test_routes_leaves" name="test_late_application_false_for_today_or_future" time="0.090" /><testcase classname="tests.test_routes_leaves" name="test_admin_filing_for_self_does_not_set_filed_by_admin" time="0.143" /><testcase classname="tests.test_routes_leaves" name="test_my_leaves_returns_only_callers_leaves" time="0.098" /><testcase classname="tests.test_routes_leaves" name="test_my_leaves_requires_auth" time="0.105" /><testcase classname="tests.test_routes_leaves" name="test_all_leaves_enriches_with_member_name" time="0.054" /><testcase classname="tests.test_routes_leaves" name="test_all_leaves_filter_status_pending" time="0.045" /><testcase classname="tests.test_routes_leaves" name="test_all_leaves_filter_status_approved" time="0.049" /><testcase classname="tests.test_routes_leaves" name="test_all_leaves_filter_late" time="0.049" /><testcase classname="tests.test_routes_leaves" name="test_all_leaves_requires_admin" time="0.102" /><testcase classname="tests.test_routes_leaves" name="test_admin_can_approve_then_reject" time="0.189" /><testcase classname="tests.test_routes_leaves" name="test_decide_nonexistent_leave_returns_404" time="0.045" /><testcase classname="tests.test_routes_leaves" name="test_group_leave_creates_one_per_member" time="0.151" /><testcase classname="tests.test_routes_leaves" name="test_group_leave_rejects_empty_user_list" time="0.046" /><testcase classname="tests.test_routes_leaves" name="test_group_leave_auto_approve_false_creates_pending" time="0.133" /><testcase classname="tests.test_routes_reports" name="test_hours_returns_shape_with_start_end" time="0.058" /><testcase classname="tests.test_routes_reports" name="test_hours_each_row_has_required_fields" time="0.062" /><testcase classname="tests.test_routes_reports" name="test_hours_requires_admin" time="0.089" /><testcase classname="tests.test_routes_reports" name="test_payroll_default_month_is_previous_calendar_month" time="0.052" /><testcase classname="tests.test_routes_reports" name="test_payroll_explicit_month" time="0.055" /><testcase classname="tests.test_routes_reports" name="test_payroll_includes_only_staff_and_coaches" time="0.064" /><testcase classname="tests.test_routes_reports" name="test_payroll_rows_have_leave_balance_fields" time="0.047" /><testcase classname="tests.test_routes_reports" name="test_payroll_december_end_date_calculation" time="0.049" /><testcase classname="tests.test_routes_reports" name="test_payroll_requires_admin" time="0.090" /><testcase classname="tests.test_routes_reports" name="test_daily_default_is_today_shape" time="0.048" /><testcase classname="tests.test_routes_reports" name="test_daily_explicit_date" time="0.063" /><testcase classname="tests.test_routes_reports" name="test_daily_leaves_split_by_type" time="0.044" /><testcase classname="tests.test_routes_reports" name="test_hours_export_csv_has_correct_header_row" time="0.051" /><testcase classname="tests.test_routes_reports" name="test_hours_export_pdf_returns_pdf_bytes" time="0.100" /><testcase classname="tests.test_routes_reports" name="test_hours_export_filename_includes_date_range" time="0.051" /><testcase classname="tests.test_routes_reports" name="test_daily_export_csv_has_correct_header_row" time="0.054" /><testcase classname="tests.test_routes_reports" name="test_daily_export_pdf" time="0.049" /><testcase classname="tests.test_routes_reports" name="test_reports_response_carries_request_id" time="0.046" /><testcase classname="tests.test_services_attendance_calc" name="test_compute_late_on_time_member_not_late" time="0.001" /><testcase classname="tests.test_services_attendance_calc" name="test_compute_late_one_minute_past_is_late" time="0.000" /><testcase classname="tests.test_services_attendance_calc" name="test_compute_late_respects_grace_minutes" time="0.000" /><testcase classname="tests.test_services_attendance_calc" name="test_compute_late_falls_back_to_default_work_start" time="0.000" /><testcase classname="tests.test_services_attendance_calc" name="test_compute_late_camp_overrides_member_schedule" time="0.000" /><testcase classname="tests.test_services_attendance_calc" name="test_compute_late_camp_grace_overrides_office_grace" time="0.000" /><testcase classname="tests.test_services_attendance_calc" name="test_compute_late_bad_work_start_string_returns_not_late" time="0.000" /><testcase classname="tests.test_services_attendance_calc" name="test_hm_to_minutes_valid" time="0.000" /><testcase classname="tests.test_services_attendance_calc" name="test_hm_to_minutes_invalid" time="0.000" /><testcase classname="tests.test_services_attendance_calc" name="test_compute_overtime_non_staff_returns_zero" time="0.000" /><testcase classname="tests.test_services_attendance_calc" name="test_compute_overtime_in_staff_under_threshold" time="0.000" /><testcase classname="tests.test_services_attendance_calc" name="test_compute_overtime_in_staff_above_threshold" time="0.000" /><testcase classname="tests.test_services_attendance_calc" name="test_compute_overtime_out_staff_above_threshold" time="0.000" /><testcase classname="tests.test_services_attendance_calc" name="test_compute_overtime_in_no_work_start_returns_zero" time="0.000" /><testcase classname="tests.test_services_attendance_calc" name="test_compute_overtime_threshold_constant_is_30" time="0.000" /><testcase classname="tests.test_services_attendance_calc" name="test_excursion_seconds_no_excursions" time="0.000" /><testcase classname="tests.test_services_attendance_calc" name="test_excursion_seconds_closed_excursions" time="0.000" /><testcase classname="tests.test_services_attendance_calc" name="test_excursion_seconds_open_excursion_with_up_to" time="0.000" /><testcase classname="tests.test_services_attendance_calc" name="test_excursion_seconds_open_excursion_without_up_to_ignored" time="0.000" /><testcase classname="tests.test_services_attendance_calc" name="test_excursion_seconds_ignores_garbage_isoformat" time="0.000" /><testcase classname="tests.test_services_attendance_calc" name="test_open_excursion_returns_last_open" time="0.000" /><testcase classname="tests.test_services_attendance_calc" name="test_open_excursion_returns_none_when_all_closed" time="0.000" /><testcase classname="tests.test_services_attendance_calc" name="test_open_excursion_returns_none_for_empty" time="0.000" /><testcase classname="tests.test_services_attendance_calc" name="test_parse_expected_return_hm_today" time="0.000" /><testcase classname="tests.test_services_attendance_calc" name="test_parse_expected_return_hm_rolls_to_next_day_if_past" time="0.000" /><testcase classname="tests.test_services_attendance_calc" name="test_parse_expected_return_full_iso_with_z" time="0.000" /><testcase classname="tests.test_services_attendance_calc" name="test_parse_expected_return_naive_iso_treated_as_office_local" time="0.000" /><testcase classname="tests.test_services_attendance_calc" name="test_parse_expected_return_empty_returns_none" time="0.000" /><testcase classname="tests.test_services_attendance_calc" name="test_parse_expected_return_garbage_returns_none" time="0.000" /><testcase classname="tests.test_services_auth_utils" name="test_hash_password_returns_bcrypt_string" time="0.443" /><testcase classname="tests.test_services_auth_utils" name="test_verify_password_accepts_correct_password" time="0.443" /><testcase classname="tests.test_services_auth_utils" name="test_verify_password_rejects_wrong_password" time="0.664" /><testcase classname="tests.test_services_auth_utils" name="test_verify_password_returns_false_on_malformed_hash" time="0.000" /><testcase classname="tests.test_services_auth_utils" name="test_create_token_encodes_user_id_and_role" time="0.000" /><testcase classname="tests.test_services_auth_utils" name="test_create_token_includes_device_id_when_passed" time="0.000" /><testcase classname="tests.test_services_auth_utils" name="test_create_token_honours_explicit_expiry" time="0.000" /><testcase classname="tests.test_services_auth_utils" name="test_create_token_signature_validates" time="0.000" /><testcase classname="tests.test_services_geo" name="test_haversine_zero_distance" time="0.000" /><testcase classname="tests.test_services_geo" name="test_haversine_one_degree_at_equator_is_about_111km" time="0.000" /><testcase classname="tests.test_services_geo" name="test_haversine_symmetric" time="0.000" /><testcase classname="tests.test_services_geo" name="test_haversine_mumbai_to_hyderabad_is_about_625km" time="0.000" /><testcase classname="tests.test_services_geo" name="test_haversine_short_distance_returns_metres" time="0.000" /><testcase classname="tests.test_services_phone" name="test_normalize_drops_non_digits" time="0.000" /><testcase classname="tests.test_services_phone" name="test_normalize_handles_none_and_empty" time="0.000" /><testcase classname="tests.test_services_phone" name="test_normalize_keeps_zero_padding" time="0.000" /><testcase classname="tests.test_services_phone" name="test_phone_key_returns_last_10_digits" time="0.000" /><testcase classname="tests.test_services_phone" name="test_phone_key_short_number_returned_as_is" time="0.000" /><testcase classname="tests.test_services_phone" name="test_phone_key_normalises_via_normalize" time="0.000" /><testcase classname="tests.test_services_photo" name="test_check_photo_size_passes_for_small_photo" time="0.000" /><testcase classname="tests.test_services_photo" name="test_check_photo_size_rejects_oversized_photo" time="0.000" /><testcase classname="tests.test_services_photo" name="test_make_thumbnail_returns_none_for_empty" time="0.000" /><testcase classname="tests.test_services_photo" name="test_make_thumbnail_returns_jpeg_data_url" time="0.014" /><testcase classname="tests.test_services_photo" name="test_make_thumbnail_accepts_raw_base64_without_prefix" time="0.001" /><testcase classname="tests.test_services_photo" name="test_make_thumbnail_handles_corrupt_input_gracefully" time="0.000" /><testcase classname="tests.test_services_time_utils" name="test_now_utc_is_timezone_aware" time="0.000" /><testcase classname="tests.test_services_time_utils" name="test_iso_handles_none" time="0.000" /><testcase classname="tests.test_services_time_utils" name="test_iso_serializes_aware_datetime" time="0.000" /><testcase classname="tests.test_services_time_utils" name="test_office_tz_defaults_to_kolkata" time="0.000" /><testcase classname="tests.test_services_time_utils" name="test_office_tz_uses_configured_zone" time="0.001" /><testcase classname="tests.test_services_time_utils" name="test_office_tz_falls_back_on_bad_zone" time="0.001" /><testcase classname="tests.test_services_time_utils" name="test_local_date_str_respects_office_timezone" time="0.000" /><testcase classname="tests.test_services_time_utils" name="test_local_now_returns_office_local_time" time="0.000" /><testcase classname="tests.test_services_time_utils" name="test_local_hm_formats_office_local_time" time="0.000" /><testcase classname="tests.test_services_time_utils" name="test_local_hm_handles_empty_input" time="0.000" /><testcase classname="tests.test_smoke_flows" name="test_admin_login_returns_token_and_role" time="0.432" /><testcase classname="tests.test_smoke_flows" name="test_presence_board_returns_roster_with_counts" time="0.084" /><testcase classname="tests.test_smoke_flows" name="test_presence_does_not_leak_qr_token" time="0.049" /><testcase classname="tests.test_smoke_flows" name="test_muster_athletes_listing" time="0.063" /><testcase classname="tests.test_smoke_flows" name="test_muster_bulk_checkin_then_checkout" time="0.164" /><testcase classname="tests.test_smoke_flows" name="test_admin_can_file_and_approve_leave_on_behalf" time="0.193" /><testcase classname="tests.test_smoke_flows" name="test_daily_report_returns_shape" time="0.043" /><testcase classname="tests.test_smoke_flows" name="test_hours_csv_export_returns_csv_with_headers" time="0.050" /><testcase classname="tests.test_smoke_flows" name="test_changelog_is_public" time="0.094" /><testcase classname="tests.test_unified_leave_iter4.TestLeaveSummary" name="test_me_leave_summary_shape" time="0.428" /><testcase classname="tests.test_unified_leave_iter4.TestLeaveSummary" name="test_member_leave_summary_admin" time="0.220" /><testcase classname="tests.test_unified_leave_iter4.TestLeaveSummary" name="test_member_leave_summary_404" time="0.105" /><testcase classname="tests.test_unified_leave_iter4.TestLegacyCompOff" name="test_me_comp_off_balance" time="0.100" /><testcase classname="tests.test_unified_leave_iter4.TestLegacyCompOff" name="test_member_comp_off_balance" time="0.100" /><testcase classname="tests.test_unified_leave_iter4.TestAuthMeRegression" name="test_auth_me_enriched" time="0.000" /><testcase classname="tests.test_unified_leave_iter4.TestLeaveCreateWaterfall" name="test_zero_balance_leave_all_lop" time="0.619" /><testcase classname="tests.test_unified_leave_iter4.TestLeaveCreateWaterfall" name="test_tour_does_not_stamp_ladder" time="0.323" /><testcase classname="tests.test_unified_leave_iter4.TestGroupLeave" name="test_group_leave_creates_rows" time="0.297" /><testcase classname="tests.test_unified_leave_iter4.TestLeavesListing" name="test_admin_list_enriched" time="0.106" /></testsuite></testsuites>