<?xml version="1.0" encoding="utf-8"?><testsuites name="pytest tests"><testsuite name="pytest" errors="0" failures="0" skipped="0" tests="34" time="5.748" timestamp="2026-06-28T16:14:40.579073+00:00" hostname="agent-env-b0401a0a-2d4a-432f-9bc6-c5046b9cbe39"><testcase classname="tests.test_review_iter16.TestAuthRoutes" name="test_login_returns_token_and_user" time="0.335" /><testcase classname="tests.test_review_iter16.TestAuthRoutes" name="test_auth_me_admin" time="0.091" /><testcase classname="tests.test_review_iter16.TestAuthRoutes" name="test_auth_me_requires_token" time="0.096" /><testcase classname="tests.test_review_iter16.TestAuthRoutes" name="test_phone_bypass_admin" time="0.098" /><testcase classname="tests.test_review_iter16.TestAuthRoutes" name="test_phone_status_unknown" time="0.110" /><testcase classname="tests.test_review_iter16.TestAuthRoutes" name="test_admin_devices_admin_ok" time="0.102" /><testcase classname="tests.test_review_iter16.TestAuthRoutes" name="test_admin_devices_no_token_rejected" time="0.086" /><testcase classname="tests.test_review_iter16.TestAuthRoutes" name="test_admin_devices_member_rejected" time="0.365" /><testcase classname="tests.test_review_iter16.TestOfficeRoutes" name="test_get_office_masks_twilio_token" time="0.086" /><testcase classname="tests.test_review_iter16.TestOfficeRoutes" name="test_put_office_update_and_restore" time="0.292" /><testcase classname="tests.test_review_iter16.TestOfficeRoutes" name="test_checkout_reminder_send_now_admin" time="0.097" /><testcase classname="tests.test_review_iter16.TestOfficeRoutes" name="test_checkout_reminder_member_rejected" time="0.101" /><testcase classname="tests.test_review_iter16.TestOfficeRoutes" name="test_changelog_returns_markdown" time="0.094" /><testcase classname="tests.test_review_iter16.TestInstitutionsRoutes" name="test_list_institutions_has_member_count" time="0.110" /><testcase classname="tests.test_review_iter16.TestInstitutionsRoutes" name="test_institutions_post_member_rejected" time="0.098" /><testcase classname="tests.test_review_iter16.TestInstitutionsRoutes" name="test_institution_rename_cascade_and_delete_protection" time="0.401" /><testcase classname="tests.test_review_iter16.TestInstitutionsRoutes" name="test_institution_delete_when_in_use_rejected" time="0.191" /><testcase classname="tests.test_review_iter16.TestFleetsRoutes" name="test_list_fleets_has_athlete_count" time="0.090" /><testcase classname="tests.test_review_iter16.TestFleetsRoutes" name="test_fleets_post_member_rejected" time="0.101" /><testcase classname="tests.test_review_iter16.TestFleetsRoutes" name="test_fleets_assign_missing_fleet_404" time="0.094" /><testcase classname="tests.test_review_iter16.TestFleetsRoutes" name="test_fleet_rename_cascade" time="0.425" /><testcase classname="tests.test_review_iter16.TestMusterRoutes" name="test_muster_athletes_checkin_admin" time="0.130" /><testcase classname="tests.test_review_iter16.TestMusterRoutes" name="test_muster_athletes_checkout_only_open_sessions" time="0.109" /><testcase classname="tests.test_review_iter16.TestMusterRoutes" name="test_muster_athletes_invalid_mode" time="0.098" /><testcase classname="tests.test_review_iter16.TestMusterRoutes" name="test_muster_checkin_bulk_double_skipped" time="0.438" /><testcase classname="tests.test_review_iter16.TestMusterRoutes" name="test_muster_checkout_bulk_returns_hours" time="0.537" /><testcase classname="tests.test_review_iter16.TestAdminToolsRoutes" name="test_summary_shape" time="0.123" /><testcase classname="tests.test_review_iter16.TestAdminToolsRoutes" name="test_preflight_shape" time="0.093" /><testcase classname="tests.test_review_iter16.TestAdminToolsRoutes" name="test_activity_shape" time="0.209" /><testcase classname="tests.test_review_iter16.TestAdminToolsRoutes" name="test_wipe_auth_gate_no_token" time="0.098" /><testcase classname="tests.test_review_iter16.TestAdminToolsRoutes" name="test_wipe_member_forbidden" time="0.115" /><testcase classname="tests.test_review_iter16.TestAdminToolsRoutes" name="test_summary_member_forbidden" time="0.108" /><testcase classname="tests.test_review_iter16.TestAdminToolsRoutes" name="test_preflight_member_forbidden" time="0.100" /><testcase classname="tests.test_review_iter16.TestAdminToolsRoutes" name="test_activity_member_forbidden" time="0.094" /></testsuite></testsuites>