<?xml version="1.0" encoding="utf-8"?><testsuites name="pytest tests"><testsuite name="pytest" errors="0" failures="0" skipped="0" tests="6" time="3.187" timestamp="2026-07-07T15:07:53.427505+00:00" hostname="agent-env-b0401a0a-2d4a-432f-9bc6-c5046b9cbe39"><testcase classname="tests.test_review_iter18" name="test_dashboard_rejects_non_admin_token" time="1.262" /><testcase classname="tests.test_review_iter18" name="test_dashboard_invariants_deep" time="0.444" /><testcase classname="tests.test_review_iter18" name="test_regression_admin_endpoints_ok" time="0.803" /><testcase classname="tests.test_dashboard" name="test_dashboard_requires_auth" time="0.106" /><testcase classname="tests.test_dashboard" name="test_dashboard_rejects_bogus_token" time="0.104" /><testcase classname="tests.test_dashboard" name="test_dashboard_payload_shape" time="0.441" /></testsuite></testsuites>