<?xml version="1.0" encoding="utf-8"?><testsuites name="pytest tests"><testsuite name="pytest" errors="0" failures="0" skipped="0" tests="72" time="18.829" timestamp="2026-07-08T02:35:37.896987+00:00" hostname="agent-env-b0401a0a-2d4a-432f-9bc6-c5046b9cbe39"><testcase classname="tests.test_smoke_flows" name="test_admin_login_returns_token_and_role" time="0.464" /><testcase classname="tests.test_smoke_flows" name="test_presence_board_returns_roster_with_counts" time="0.509" /><testcase classname="tests.test_smoke_flows" name="test_presence_does_not_leak_qr_token" time="0.050" /><testcase classname="tests.test_smoke_flows" name="test_muster_athletes_listing" time="0.076" /><testcase classname="tests.test_smoke_flows" name="test_muster_bulk_checkin_then_checkout" time="0.191" /><testcase classname="tests.test_smoke_flows" name="test_admin_can_file_and_approve_leave_on_behalf" time="0.212" /><testcase classname="tests.test_smoke_flows" name="test_daily_report_returns_shape" time="0.049" /><testcase classname="tests.test_smoke_flows" name="test_hours_csv_export_returns_csv_with_headers" time="0.058" /><testcase classname="tests.test_smoke_flows" name="test_changelog_is_public" time="0.101" /><testcase classname="tests.test_dashboard" name="test_dashboard_requires_auth" time="0.098" /><testcase classname="tests.test_dashboard" name="test_dashboard_rejects_bogus_token" time="0.095" /><testcase classname="tests.test_dashboard" name="test_dashboard_payload_shape" time="0.461" /><testcase classname="tests.test_meals" name="test_categories_master_returns_five_seeded_rows" time="0.415" /><testcase classname="tests.test_meals" name="test_meals_today_requires_auth" time="0.101" /><testcase classname="tests.test_meals" name="test_meals_today_default_cutoff_shape" time="0.436" /><testcase classname="tests.test_meals" name="test_meals_today_uses_office_setting" time="0.871" /><testcase classname="tests.test_meals" name="test_meals_today_cutoff_widens_pool" time="0.581" /><testcase classname="tests.test_meals" name="test_meals_today_invalid_cutoff_rejected" time="0.465" /><testcase classname="tests.test_meals" name="test_meals_today_invalid_date_rejected" time="0.437" /><testcase classname="tests.test_meals" name="test_meals_today_member_has_photo_and_checkin" time="0.466" /><testcase classname="tests.test_presence_by_location" name="test_presence_has_by_location_key" time="0.504" /><testcase classname="tests.test_presence_by_location" name="test_dashboard_has_by_location_key" time="0.425" /><testcase classname="tests.test_presence_by_location" name="test_presence_member_has_site_fields" time="0.505" /><testcase classname="tests.test_ot_eligible" name="test_ot_eligible_defaults_to_none_or_true" time="0.066" /><testcase classname="tests.test_ot_eligible" name="test_ot_eligible_patch_roundtrip" time="0.160" /><testcase classname="tests.test_ot_eligible" name="test_ot_calculation_gated_by_flag" time="0.003" /><testcase classname="tests.test_routes_leaves" name="test_member_can_file_their_own_leave" time="0.099" /><testcase classname="tests.test_routes_leaves" name="test_admin_files_on_behalf_stamps_filed_by_admin" time="0.097" /><testcase classname="tests.test_routes_leaves" name="test_non_admin_cannot_file_on_behalf" time="0.096" /><testcase classname="tests.test_routes_leaves" name="test_late_application_flag_set_for_back_dated_filings" time="0.103" /><testcase classname="tests.test_routes_leaves" name="test_late_application_false_for_today_or_future" time="0.097" /><testcase classname="tests.test_routes_leaves" name="test_admin_filing_for_self_does_not_set_filed_by_admin" time="0.146" /><testcase classname="tests.test_routes_leaves" name="test_my_leaves_returns_only_callers_leaves" time="0.093" /><testcase classname="tests.test_routes_leaves" name="test_my_leaves_requires_auth" time="0.099" /><testcase classname="tests.test_routes_leaves" name="test_all_leaves_enriches_with_member_name" time="0.061" /><testcase classname="tests.test_routes_leaves" name="test_all_leaves_filter_status_pending" time="0.054" /><testcase classname="tests.test_routes_leaves" name="test_all_leaves_filter_status_approved" time="0.053" /><testcase classname="tests.test_routes_leaves" name="test_all_leaves_filter_late" time="0.050" /><testcase classname="tests.test_routes_leaves" name="test_all_leaves_requires_admin" time="0.095" /><testcase classname="tests.test_routes_leaves" name="test_admin_can_approve_then_reject" time="0.211" /><testcase classname="tests.test_routes_leaves" name="test_decide_nonexistent_leave_returns_404" time="0.047" /><testcase classname="tests.test_routes_leaves" name="test_group_leave_creates_one_per_member" time="0.156" /><testcase classname="tests.test_routes_leaves" name="test_group_leave_rejects_empty_user_list" time="0.047" /><testcase classname="tests.test_routes_leaves" name="test_group_leave_auto_approve_false_creates_pending" time="0.145" /><testcase classname="tests.test_ishowedup_api" name="test_01_admin_login" time="0.319" /><testcase classname="tests.test_ishowedup_api" name="test_02_auth_me" time="0.096" /><testcase classname="tests.test_ishowedup_api" name="test_03_presence" time="0.091" /><testcase classname="tests.test_ishowedup_api" name="test_04_get_office" time="0.045" /><testcase classname="tests.test_ishowedup_api" name="test_05_put_office_roundtrip" time="0.099" /><testcase classname="tests.test_ishowedup_api" name="test_06_regenerate_qr" time="0.046" /><testcase classname="tests.test_ishowedup_api" name="test_07_create_member" time="0.347" /><testcase classname="tests.test_ishowedup_api" name="test_08_list_members_includes_new" time="0.084" /><testcase classname="tests.test_ishowedup_api" name="test_09_patch_member" time="0.047" /><testcase classname="tests.test_ishowedup_api" name="test_10_member_login_and_geo_checkin" time="0.459" /><testcase classname="tests.test_ishowedup_api" name="test_11_attendance_status_checked_in" time="0.105" /><testcase classname="tests.test_ishowedup_api" name="test_12_geo_toggle_checkout" time="0.098" /><testcase classname="tests.test_ishowedup_api" name="test_13_create_and_get_my_leave" time="0.196" /><testcase classname="tests.test_ishowedup_api" name="test_14_admin_list_and_approve_leave" time="0.093" /><testcase classname="tests.test_ishowedup_api" name="test_15_admin_summary" time="0.051" /><testcase classname="tests.test_ishowedup_api" name="test_16_phone_login_pending_approve_and_status" time="0.835" /><testcase classname="tests.test_ishowedup_api" name="test_17_reports_hours" time="0.075" /><testcase classname="tests.test_ishowedup_api" name="test_18_reports_hours_export" time="0.144" /><testcase classname="tests.test_ishowedup_api" name="test_19_members_import_template" time="0.051" /><testcase classname="tests.test_ishowedup_api" name="test_20_cleanup_delete_member" time="0.123" /><testcase classname="tests.test_ishowedup_api" name="test_21_final_cleanup_devices_and_phone_user" time="0.168" /><testcase classname="tests.test_muster_gps" name="test_muster_checkin_backward_compat_no_gps" time="0.695" /><testcase classname="tests.test_muster_gps" name="test_muster_checkin_with_far_gps_marks_off_geofence" time="0.687" /><testcase classname="tests.test_muster_gps" name="test_muster_checkout_accepts_gps" time="0.737" /><testcase classname="tests.test_muster_gps" name="test_muster_checkin_zero_zero_is_geo_unavailable" time="0.713" /><testcase classname="tests.test_review_iter22" name="test_muster_inside_satellite_site_stamps_site_on_presence" time="1.379" /><testcase classname="tests.test_review_iter22" name="test_geo_toggle_reason_persisted_when_out" time="0.653" /><testcase classname="tests.test_review_iter22" name="test_geo_toggle_no_reason_stamped_when_inside" time="0.775" /></testsuite></testsuites>