<?xml version="1.0" encoding="utf-8"?><testsuites name="pytest tests"><testsuite name="pytest" errors="0" failures="0" skipped="0" tests="14" time="2.047" timestamp="2026-06-28T00:44:10.748576+00:00" hostname="agent-env-b0401a0a-2d4a-432f-9bc6-c5046b9cbe39"><testcase classname="tests.test_review_iter9.TestRecentVisits" name="test_recent_visits_returns_list_for_admin" time="0.616" /><testcase classname="tests.test_review_iter9.TestRecentVisits" name="test_recent_visits_visible_to_escort_token" time="0.233" /><testcase classname="tests.test_review_iter9.TestRecentVisits" name="test_recent_visits_limit_param_honoured" time="0.043" /><testcase classname="tests.test_review_iter9.TestRecentVisits" name="test_recent_visits_after_checkin_includes_today" time="0.105" /><testcase classname="tests.test_review_iter9.TestRecentVisits" name="test_recent_visits_requires_auth" time="0.099" /><testcase classname="tests.test_review_iter9.TestMusterEscortInstitutionFilter" name="test_muster_athletes_admin_full_list" time="0.078" /><testcase classname="tests.test_review_iter9.TestMusterEscortInstitutionFilter" name="test_muster_athletes_escort_scoped_to_own_institution" time="0.118" /><testcase classname="tests.test_review_iter9.TestMusterEscortInstitutionFilter" name="test_muster_checkin_bulk_escort_skips_other_institution" time="0.165" /><testcase classname="tests.test_review_iter9.TestMusterEscortInstitutionFilter" name="test_muster_checkout_bulk_escort_skips_other_institution" time="0.202" /><testcase classname="tests.test_review_iter9.TestMusterEscortInstitutionFilter" name="test_admin_muster_no_institution_restriction_regression" time="0.058" /><testcase classname="tests.test_review_iter9.TestInvalidateEscort" name="test_invalidate_requires_admin" time="0.058" /><testcase classname="tests.test_review_iter9.TestInvalidateEscort" name="test_invalidate_flips_status_and_stamps" time="0.050" /><testcase classname="tests.test_review_iter9.TestInvalidateEscort" name="test_invalidated_escort_token_rejected" time="0.051" /><testcase classname="tests.test_review_iter9.TestInvalidateEscort" name="test_invalidate_nonexistent_returns_404" time="0.125" /></testsuite></testsuites>