<?xml version="1.0" encoding="utf-8"?><testsuites name="pytest tests"><testsuite name="pytest" errors="0" failures="0" skipped="0" tests="7" time="3.293" timestamp="2026-07-10T10:50:23.025570+00:00" hostname="agent-env-b0401a0a-2d4a-432f-9bc6-c5046b9cbe39"><testcase classname="tests.test_churn_and_approvals_summary" name="test_churn_risk_default_window" time="0.553" /><testcase classname="tests.test_churn_and_approvals_summary" name="test_churn_risk_row_shape" time="0.427" /><testcase classname="tests.test_churn_and_approvals_summary" name="test_churn_risk_validates_params" time="0.562" /><testcase classname="tests.test_churn_and_approvals_summary" name="test_churn_risk_requires_admin" time="0.091" /><testcase classname="tests.test_churn_and_approvals_summary" name="test_approvals_summary_shape" time="0.417" /><testcase classname="tests.test_churn_and_approvals_summary" name="test_approvals_summary_matches_queue" time="0.756" /><testcase classname="tests.test_churn_and_approvals_summary" name="test_calendar_grid_returns_cell_meta" time="0.465" /></testsuite></testsuites>