<?xml version="1.0" encoding="utf-8"?><testsuites name="pytest tests"><testsuite name="pytest" errors="0" failures="0" skipped="0" tests="9" time="2.174" timestamp="2026-08-17T16:21:34.231854+00:00" hostname="agent-env-b0401a0a-2d4a-432f-9bc6-c5046b9cbe39"><testcase classname="tests.test_pantry_stock_iter39.TestItemsMaster" name="test_list_items_shape" time="0.700" /><testcase classname="tests.test_pantry_stock_iter39.TestItemsMaster" name="test_create_requires_valid_unit" time="0.075" /><testcase classname="tests.test_pantry_stock_iter39.TestItemsMaster" name="test_create_requires_known_category" time="0.082" /><testcase classname="tests.test_pantry_stock_iter39.TestPantryFlow" name="test_purchase_upsert_and_get" time="0.333" /><testcase classname="tests.test_pantry_stock_iter39.TestPantryFlow" name="test_issues_upsert_and_get" time="0.195" /><testcase classname="tests.test_pantry_stock_iter39.TestPantryFlow" name="test_wastage_upsert_and_get" time="0.172" /><testcase classname="tests.test_pantry_stock_iter39.TestPantryFlow" name="test_wastage_rejects_bad_reason" time="0.075" /><testcase classname="tests.test_pantry_stock_iter39.TestPantryFlow" name="test_stock_math_reflects_purchase_issue_wastage" time="0.084" /><testcase classname="tests.test_pantry_stock_iter39.TestPantryFlow" name="test_stock_ignores_entries_before_opening_as_of" time="0.415" /></testsuite></testsuites>