<?xml version="1.0" encoding="utf-8"?><testsuites name="pytest tests"><testsuite name="pytest" errors="0" failures="0" skipped="0" tests="8" time="3.988" timestamp="2026-07-08T01:45:25.918127+00:00" hostname="agent-env-b0401a0a-2d4a-432f-9bc6-c5046b9cbe39"><testcase classname="tests.test_meals" name="test_categories_master_returns_five_seeded_rows" time="0.584" /><testcase classname="tests.test_meals" name="test_meals_today_requires_auth" time="0.106" /><testcase classname="tests.test_meals" name="test_meals_today_default_cutoff_shape" time="0.443" /><testcase classname="tests.test_meals" name="test_meals_today_uses_office_setting" time="0.911" /><testcase classname="tests.test_meals" name="test_meals_today_cutoff_widens_pool" time="0.599" /><testcase classname="tests.test_meals" name="test_meals_today_invalid_cutoff_rejected" time="0.426" /><testcase classname="tests.test_meals" name="test_meals_today_invalid_date_rejected" time="0.423" /><testcase classname="tests.test_meals" name="test_meals_today_member_has_photo_and_checkin" time="0.477" /></testsuite></testsuites>