<?xml version="1.0" encoding="utf-8"?><testsuites name="pytest tests"><testsuite name="pytest" errors="0" failures="1" skipped="0" tests="4" time="1.986" timestamp="2026-09-09T15:58:02.849401+00:00" hostname="agent-env-b0401a0a-2d4a-432f-9bc6-c5046b9cbe39"><testcase classname="tests.test_review_iter54" name="test_rules_get_shape_and_required" time="0.577" /><testcase classname="tests.test_review_iter54" name="test_rules_accept_idempotent" time="0.378" /><testcase classname="tests.test_review_iter54" name="test_admin_rules_acceptances" time="0.852" /><testcase classname="tests.test_review_iter54" name="test_patch_elite_dar_required_appears_in_missed" time="0.124"><failure message="AssertionError: {&quot;detail&quot;:&quot;Not Found&quot;}&#10;assert 404 == 200&#10; +  where 404 = &lt;Response [404]&gt;.status_code">tests/test_review_iter54.py:99: in test_patch_elite_dar_required_appears_in_missed
    elite = _find_elite_member(admin_h)
            ^^^^^^^^^^^^^^^^^^^^^^^^^^^
tests/test_review_iter54.py:89: in _find_elite_member
    assert r.status_code == 200, r.text
E   AssertionError: {"detail":"Not Found"}
E   assert 404 == 200
E    +  where 404 = &lt;Response [404]&gt;.status_code</failure></testcase></testsuite></testsuites>