<?xml version="1.0" encoding="utf-8"?><testsuites name="pytest tests"><testsuite name="pytest" errors="0" failures="0" skipped="0" tests="39" time="46.316" timestamp="2026-06-28T14:02:25.213063+00:00" hostname="agent-env-b0401a0a-2d4a-432f-9bc6-c5046b9cbe39"><testcase classname="tests.test_review_iter11.TestPresenceEscortsPresent" name="test_active_escort_checkin_surfaces_in_strip" time="36.469" /><testcase classname="tests.test_review_iter11.TestPresenceEscortsPresent" name="test_step_out_surfaces_temp_out_true_with_reason" time="0.301" /><testcase classname="tests.test_review_iter11.TestPresenceEscortsPresent" name="test_checkout_marks_exited_in_escorts_present" time="0.379" /><testcase classname="tests.test_review_iter11.TestPresenceEscortsPresent" name="test_historical_presence_returns_empty_escorts_present" time="0.235" /><testcase classname="tests.test_review_iter11.TestPresenceEscortsPresent" name="test_inactive_escort_not_in_strip" time="0.239" /><testcase classname="tests.test_review_iter11.TestMusterAlreadyCheckedIn" name="test_checkin_mode_returns_already_in_with_timestamp" time="0.362" /><testcase classname="tests.test_review_iter11.TestMusterAlreadyCheckedIn" name="test_checkout_mode_already_in_always_false" time="0.212" /><testcase classname="tests.test_review_iter11.TestMusterAlreadyCheckedIn" name="test_bulk_checkin_skips_already_checked_in" time="0.200" /><testcase classname="tests.test_review_iter12.TestPresenceTempOutWiring" name="test_active_no_stepout_has_temp_out_false" time="0.389" /><testcase classname="tests.test_review_iter12.TestPresenceTempOutWiring" name="test_temp_exit_flips_temp_out_true_with_reason" time="0.416" /><testcase classname="tests.test_review_iter12.TestPresenceTempOutWiring" name="test_return_flips_temp_out_back_to_false" time="0.440" /><testcase classname="tests.test_review_iter12.TestPresenceTempOutWiring" name="test_historical_presence_returns_empty_escorts" time="0.346" /><testcase classname="tests.test_review_iter12.TestPresenceTempOutWiring" name="test_double_stepout_rejected" time="0.361" /><testcase classname="tests.test_review_iter12.TestPresenceTempOutWiring" name="test_return_without_open_stepout_rejected" time="0.289" /><testcase classname="tests.test_review_iter13.TestEscortEtaWiring" name="test_no_stepout_eta_fields_all_none" time="0.392" /><testcase classname="tests.test_review_iter13.TestEscortEtaWiring" name="test_stepout_with_hhmm_eta_populates_all_three" time="0.409" /><testcase classname="tests.test_review_iter13.TestEscortEtaWiring" name="test_stepout_without_eta_keeps_fields_none" time="0.416" /><testcase classname="tests.test_review_iter13.TestEscortEtaWiring" name="test_future_eta_overdue_minutes_zero" time="0.381" /><testcase classname="tests.test_review_iter13.TestEscortEtaWiring" name="test_past_eta_overdue_minutes_large_positive" time="0.394" /><testcase classname="tests.test_review_iter13.TestMemberEtaShape" name="test_every_member_row_has_eta_triple" time="0.091" /><testcase classname="tests.test_review_iter14.TestEscortStatusDiscriminator" name="test_on_campus_row_shape" time="0.280" /><testcase classname="tests.test_review_iter14.TestEscortStatusDiscriminator" name="test_temp_out_status_when_open_excursion" time="0.286" /><testcase classname="tests.test_review_iter14.TestEscortStatusDiscriminator" name="test_return_flips_status_back_to_on_campus" time="0.423" /><testcase classname="tests.test_review_iter14.TestEscortStatusDiscriminator" name="test_checkout_marks_exited_keeps_row" time="0.292" /><testcase classname="tests.test_review_iter14.TestEscortStatusDiscriminator" name="test_exited_takes_precedence_over_temp_out" time="0.344" /><testcase classname="tests.test_review_iter14.TestHistoricalAndRegression" name="test_historical_returns_empty_escorts" time="0.242" /><testcase classname="tests.test_review_iter14.TestHistoricalAndRegression" name="test_member_rows_still_have_eta_triple" time="0.093" /><testcase classname="tests.test_review_iter14.TestHistoricalAndRegression" name="test_no_duplicate_escort_ids" time="0.099" /><testcase classname="tests.test_review_iter14.TestHistoricalAndRegression" name="test_statuses_are_within_known_set" time="0.093" /><testcase classname="tests.test_review_iter14.TestHistoricalAndRegression" name="test_no_heavy_selfie_payload_leak" time="0.099" /><testcase classname="tests.test_smoke_flows" name="test_admin_login_returns_token_and_role" time="0.491" /><testcase classname="tests.test_smoke_flows" name="test_presence_board_returns_roster_with_counts" time="0.089" /><testcase classname="tests.test_smoke_flows" name="test_presence_does_not_leak_qr_token" time="0.046" /><testcase classname="tests.test_smoke_flows" name="test_muster_athletes_listing" time="0.063" /><testcase classname="tests.test_smoke_flows" name="test_muster_bulk_checkin_then_checkout" time="0.168" /><testcase classname="tests.test_smoke_flows" name="test_admin_can_file_and_approve_leave_on_behalf" time="0.224" /><testcase classname="tests.test_smoke_flows" name="test_daily_report_returns_shape" time="0.050" /><testcase classname="tests.test_smoke_flows" name="test_hours_csv_export_returns_csv_with_headers" time="0.052" /><testcase classname="tests.test_smoke_flows" name="test_changelog_is_public" time="0.108" /></testsuite></testsuites>