<?xml version="1.0" encoding="utf-8"?><testsuites name="pytest tests"><testsuite name="pytest" errors="0" failures="0" skipped="0" tests="19" time="3.987" timestamp="2026-06-25T03:12:08.717616+00:00" hostname="agent-env-b0401a0a-2d4a-432f-9bc6-c5046b9cbe39"><testcase classname="backend.tests.test_review_iter2" name="test_01_admin_email_login_and_presence" time="0.645" /><testcase classname="backend.tests.test_review_iter2" name="test_02_phone_login_admin_bypass" time="0.171" /><testcase classname="backend.tests.test_review_iter2" name="test_03_office_no_qr_token_leak" time="0.050" /><testcase classname="backend.tests.test_review_iter2" name="test_04_removed_endpoints_404[/api/attendance/checkin-body0]" time="0.044" /><testcase classname="backend.tests.test_review_iter2" name="test_04_removed_endpoints_404[/api/attendance/checkout-body1]" time="0.043" /><testcase classname="backend.tests.test_review_iter2" name="test_04_removed_endpoints_404[/api/office/regenerate-qr-body2]" time="0.045" /><testcase classname="backend.tests.test_review_iter2" name="test_04_removed_endpoints_404[/api/admin/snapshot/import-body3]" time="0.048" /><testcase classname="backend.tests.test_review_iter2" name="test_05_admin_cards_shape" time="0.050" /><testcase classname="backend.tests.test_review_iter2" name="test_06_presence_fields_and_performance" time="0.084" /><testcase classname="backend.tests.test_review_iter2" name="test_07_geo_toggle_still_works" time="0.137" /><testcase classname="backend.tests.test_review_iter2" name="test_08_member_create_has_mobile_last10" time="0.335" /><testcase classname="backend.tests.test_review_iter2" name="test_09_member_patch_updates_mobile_last10" time="0.048" /><testcase classname="backend.tests.test_review_iter2" name="test_10_phone_login_matches_via_mobile_last10" time="0.108" /><testcase classname="backend.tests.test_review_iter2" name="test_11_member_import_bulk_with_duplicate" time="1.001" /><testcase classname="backend.tests.test_review_iter2" name="test_12_muster_checkin_checkout" time="0.096" /><testcase classname="backend.tests.test_review_iter2" name="test_13_admin_backup_targz" time="0.321" /><testcase classname="backend.tests.test_review_iter2" name="test_14_admin_restore_merge_zero_inserted" time="0.341" /><testcase classname="backend.tests.test_review_iter2" name="test_15_sms_test_endpoint_sane_when_disabled" time="0.046" /><testcase classname="backend.tests.test_review_iter2" name="test_99_cleanup" time="0.109" /></testsuite></testsuites>