<?xml version="1.0" encoding="utf-8"?><testsuites name="pytest tests"><testsuite name="pytest" errors="0" failures="1" skipped="0" tests="16" time="4.241" timestamp="2026-07-10T10:51:24.497623+00:00" hostname="agent-env-b0401a0a-2d4a-432f-9bc6-c5046b9cbe39"><testcase classname="tests.test_review_iter24" name="test_leaves_endpoint_returns_200" time="0.521" /><testcase classname="tests.test_review_iter24" name="test_leaves_admin_pending_scope" time="0.051"><failure message="AssertionError: assert 'rejected' == 'pending'&#10;  &#10;  - pending&#10;  + rejected">tests/test_review_iter24.py:37: in test_leaves_admin_pending_scope
    assert row.get("status") == "pending"
E   AssertionError: assert 'rejected' == 'pending'
E     
E     - pending
E     + rejected</failure></testcase><testcase classname="tests.test_review_iter24" name="test_approvals_summary_no_phantom_leaves" time="0.100" /><testcase classname="tests.test_review_iter24" name="test_calendar_grid_cell_meta_shapes" time="0.071" /><testcase classname="tests.test_review_iter24" name="test_churn_risk_deep_row_shape" time="0.060" /><testcase classname="tests.test_review_iter24" name="test_churn_risk_sorted_worst_first" time="0.062" /><testcase classname="tests.test_review_iter24" name="test_churn_risk_threshold_out_of_range" time="0.085" /><testcase classname="tests.test_review_iter24" name="test_churn_risk_window_clamps_to_180" time="0.062" /><testcase classname="tests.test_review_iter24" name="test_churn_risk_unauthenticated" time="0.090" /><testcase classname="tests.test_churn_and_approvals_summary" name="test_churn_risk_default_window" time="0.440" /><testcase classname="tests.test_churn_and_approvals_summary" name="test_churn_risk_row_shape" time="0.436" /><testcase classname="tests.test_churn_and_approvals_summary" name="test_churn_risk_validates_params" time="0.519" /><testcase classname="tests.test_churn_and_approvals_summary" name="test_churn_risk_requires_admin" time="0.091" /><testcase classname="tests.test_churn_and_approvals_summary" name="test_approvals_summary_shape" time="0.442" /><testcase classname="tests.test_churn_and_approvals_summary" name="test_approvals_summary_matches_queue" time="0.702" /><testcase classname="tests.test_churn_and_approvals_summary" name="test_calendar_grid_returns_cell_meta" time="0.444" /></testsuite></testsuites>