<?xml version="1.0" encoding="utf-8"?><testsuites name="pytest tests"><testsuite name="pytest" errors="0" failures="0" skipped="0" tests="12" time="37.389" timestamp="2026-07-08T01:26:49.397043+00:00" hostname="agent-env-b0401a0a-2d4a-432f-9bc6-c5046b9cbe39"><testcase classname="tests.test_review_iter19" name="test_member_patch_accepts_elite_category" time="11.395" /><testcase classname="tests.test_review_iter19" name="test_leave_balances_endpoint_ok_with_elite_present" time="20.641" /><testcase classname="tests.test_review_iter19" name="test_dashboard_has_five_category_buckets_incl_elite" time="0.477" /><testcase classname="tests.test_review_iter19" name="test_regression_admin_endpoints_all_200" time="0.943" /><testcase classname="tests.test_review_iter19" name="test_tagging_elite_moves_meals_bucket" time="0.947" /><testcase classname="tests.test_meals" name="test_categories_master_returns_five_seeded_rows" time="0.424" /><testcase classname="tests.test_meals" name="test_meals_today_requires_auth" time="0.110" /><testcase classname="tests.test_meals" name="test_meals_today_default_cutoff_shape" time="0.445" /><testcase classname="tests.test_meals" name="test_meals_today_cutoff_widens_pool" time="0.581" /><testcase classname="tests.test_meals" name="test_meals_today_invalid_cutoff_rejected" time="0.433" /><testcase classname="tests.test_meals" name="test_meals_today_invalid_date_rejected" time="0.503" /><testcase classname="tests.test_meals" name="test_meals_today_member_has_photo_and_checkin" time="0.460" /></testsuite></testsuites>