<?xml version="1.0" encoding="utf-8"?><testsuites name="pytest tests"><testsuite name="pytest" errors="0" failures="0" skipped="0" tests="13" time="7.702" timestamp="2026-07-08T01:46:25.350229+00:00" hostname="agent-env-b0401a0a-2d4a-432f-9bc6-c5046b9cbe39"><testcase classname="tests.test_review_iter20" name="test_office_get_returns_meal_breakfast_cutoff" time="0.468" /><testcase classname="tests.test_review_iter20" name="test_office_put_persists_meal_breakfast_cutoff" time="0.770" /><testcase classname="tests.test_review_iter20" name="test_office_put_invalid_meal_cutoff_no_500" time="0.619" /><testcase classname="tests.test_review_iter20" name="test_meals_office_cutoff_narrows_pool" time="1.000" /><testcase classname="tests.test_review_iter20" name="test_sites_crud_full_lifecycle" time="1.036" /><testcase classname="tests.test_meals" name="test_categories_master_returns_five_seeded_rows" time="0.439" /><testcase classname="tests.test_meals" name="test_meals_today_requires_auth" time="0.100" /><testcase classname="tests.test_meals" name="test_meals_today_default_cutoff_shape" time="0.423" /><testcase classname="tests.test_meals" name="test_meals_today_uses_office_setting" time="0.901" /><testcase classname="tests.test_meals" name="test_meals_today_cutoff_widens_pool" time="0.571" /><testcase classname="tests.test_meals" name="test_meals_today_invalid_cutoff_rejected" time="0.440" /><testcase classname="tests.test_meals" name="test_meals_today_invalid_date_rejected" time="0.426" /><testcase classname="tests.test_meals" name="test_meals_today_member_has_photo_and_checkin" time="0.471" /></testsuite></testsuites>