<?xml version="1.0" encoding="utf-8"?><testsuites name="pytest tests"><testsuite name="pytest" errors="0" failures="0" skipped="0" tests="3" time="16.800" timestamp="2026-08-19T10:40:12.954411+00:00" hostname="agent-env-b0401a0a-2d4a-432f-9bc6-c5046b9cbe39"><testcase classname="tests.test_meals_sse_iter46" name="test_events_401_without_token" time="11.868" /><testcase classname="tests.test_meals_sse_iter46" name="test_events_401_invalid_token" time="0.161" /><testcase classname="tests.test_meals_sse_iter46" name="test_events_baseline_and_signal" time="4.748" /></testsuite></testsuites>