<?xml version="1.0" encoding="utf-8"?><testsuites name="pytest tests"><testsuite name="pytest" errors="0" failures="0" skipped="0" tests="12" time="1.862" timestamp="2026-06-28T03:54:46.274933+00:00" hostname="agent-env-b0401a0a-2d4a-432f-9bc6-c5046b9cbe39"><testcase classname="tests.test_review_iter10.TestTodaysHasSelfieFlags" name="test_today_shape_includes_has_selfie_flags" time="1.076" /><testcase classname="tests.test_review_iter10.TestSelfieEndpoint" name="test_admin_fetch_kind_in_returns_data_url" time="0.052" /><testcase classname="tests.test_review_iter10.TestSelfieEndpoint" name="test_admin_fetch_kind_out_returns_data_url" time="0.049" /><testcase classname="tests.test_review_iter10.TestSelfieEndpoint" name="test_default_kind_is_in" time="0.045" /><testcase classname="tests.test_review_iter10.TestSelfieEndpoint" name="test_missing_photo_returns_404_with_detail" time="0.051" /><testcase classname="tests.test_review_iter10.TestSelfieEndpoint" name="test_missing_photo_kind_out_404" time="0.000" /><testcase classname="tests.test_review_iter10.TestSelfieEndpoint" name="test_no_token_returns_401" time="0.102" /><testcase classname="tests.test_review_iter10.TestSelfieEndpoint" name="test_escort_can_fetch_own_row" time="0.104" /><testcase classname="tests.test_review_iter10.TestSelfieEndpoint" name="test_escort_forbidden_on_foreign_row" time="0.096" /><testcase classname="tests.test_review_iter10.TestSelfieEndpoint" name="test_invalid_kind_returns_422" time="0.049" /><testcase classname="tests.test_review_iter10.TestSelfieEndpoint" name="test_nonexistent_att_id_returns_404" time="0.052" /><testcase classname="tests.test_review_iter10.TestRegressionFlowsWithoutSelfie" name="test_checkin_without_selfie_then_today_flag_false" time="0.143" /></testsuite></testsuites>