<?xml version="1.0" encoding="utf-8"?><testsuites name="pytest tests"><testsuite name="pytest" errors="0" failures="0" skipped="0" tests="3" time="0.892" timestamp="2026-06-27T23:08:07.108834+00:00" hostname="agent-env-b0401a0a-2d4a-432f-9bc6-c5046b9cbe39"><testcase classname="tests.test_review_iter6.TestMeLeaveSummary" name="test_admin_self_summary_has_all_iter6_fields" time="0.483" /><testcase classname="tests.test_review_iter6.TestMeLeaveSummary" name="test_member_summary_via_admin_route" time="0.150" /><testcase classname="tests.test_review_iter6.TestMeLeaveSummary" name="test_pending_count_reflects_open_leave" time="0.239" /></testsuite></testsuites>