<?xml version="1.0" encoding="utf-8"?><testsuites name="pytest tests"><testsuite name="pytest" errors="0" failures="0" skipped="0" tests="20" time="5.925" timestamp="2026-08-17T15:22:32.673020+00:00" hostname="agent-env-b0401a0a-2d4a-432f-9bc6-c5046b9cbe39"><testcase classname="tests.test_meal_purchases_and_expense.TestPurchaseCategories" name="test_get_returns_five_seeded" time="0.610" /><testcase classname="tests.test_meal_purchases_and_expense.TestPurchaseCategories" name="test_chef_can_read" time="0.916" /><testcase classname="tests.test_meal_purchases_and_expense.TestPurchaseCategories" name="test_member_forbidden" time="0.983" /><testcase classname="tests.test_meal_purchases_and_expense.TestPurchaseCategories" name="test_chef_cannot_put" time="0.078" /><testcase classname="tests.test_meal_purchases_and_expense.TestPurchaseCategories" name="test_admin_can_add_and_restore" time="0.365" /><testcase classname="tests.test_meal_purchases_and_expense.TestPurchasesUpsertAndList" name="test_upsert_parses_strings_and_commas" time="0.218" /><testcase classname="tests.test_meal_purchases_and_expense.TestPurchasesUpsertAndList" name="test_upsert_rejects_negative" time="0.071" /><testcase classname="tests.test_meal_purchases_and_expense.TestPurchasesUpsertAndList" name="test_list_returns_sorted" time="0.295" /><testcase classname="tests.test_meal_purchases_and_expense.TestPurchasesUpsertAndList" name="test_chef_can_put" time="0.086" /><testcase classname="tests.test_meal_purchases_and_expense.TestPurchasesUpsertAndList" name="test_member_forbidden" time="0.262" /><testcase classname="tests.test_meal_purchases_and_expense.TestBulkUpload" name="test_csv_import" time="0.298" /><testcase classname="tests.test_meal_purchases_and_expense.TestBulkUpload" name="test_xlsx_import_reports_unmatched" time="0.296" /><testcase classname="tests.test_meal_purchases_and_expense.TestBulkUpload" name="test_txt_rejected" time="0.199" /><testcase classname="tests.test_meal_purchases_and_expense.TestBulkUpload" name="test_chef_can_bulk_upload" time="0.200" /><testcase classname="tests.test_meal_purchases_and_expense.TestExpenseReport" name="test_report_buckets_and_totals" time="0.300" /><testcase classname="tests.test_meal_purchases_and_expense.TestExpenseReport" name="test_invalid_range_400" time="0.084" /><testcase classname="tests.test_meal_purchases_and_expense.TestExpenseReport" name="test_range_too_large_400" time="0.268" /><testcase classname="tests.test_meal_purchases_and_expense.TestExpenseReport" name="test_chef_can_read" time="0.065" /><testcase classname="tests.test_meal_purchases_and_expense.TestExpenseReport" name="test_member_forbidden" time="0.177" /><testcase classname="tests.test_meal_purchases_and_expense.TestCalendarGridRegression" name="test_calendar_grid_loads" time="0.096" /></testsuite></testsuites>