<?xml version="1.0" encoding="utf-8"?><testsuites name="pytest tests"><testsuite name="pytest" errors="0" failures="0" skipped="0" tests="11" time="7.781" timestamp="2026-08-16T02:53:21.486288+00:00" hostname="agent-env-b0401a0a-2d4a-432f-9bc6-c5046b9cbe39"><testcase classname="tests.test_meal_roster_ex_member_and_eligibility" name="test_roster_response_shape_regression" time="0.536" /><testcase classname="tests.test_meal_roster_ex_member_and_eligibility" name="test_roster_excludes_ex_member_leaving_yesterday" time="0.647" /><testcase classname="tests.test_meal_roster_ex_member_and_eligibility" name="test_roster_includes_member_leaving_today_is_final_day" time="0.633" /><testcase classname="tests.test_meal_roster_ex_member_and_eligibility" name="test_roster_includes_member_leaving_tomorrow" time="0.727" /><testcase classname="tests.test_meal_roster_ex_member_and_eligibility" name="test_roster_ex_member_gate_uses_meal_date_not_today" time="0.678" /><testcase classname="tests.test_meal_roster_ex_member_and_eligibility" name="test_roster_excludes_meal_ineligible_category_and_reincludes_on_flip_back" time="1.067" /><testcase classname="tests.test_meal_roster_ex_member_and_eligibility" name="test_scope_staff_empty_when_staff_meal_eligible_false" time="0.943" /><testcase classname="tests.test_meal_roster_ex_member_and_eligibility" name="test_scope_staff_has_members_when_eligible" time="0.740" /><testcase classname="tests.test_meal_roster_ex_member_and_eligibility" name="test_scope_athletes_respects_meal_eligible" time="0.622" /><testcase classname="tests.test_meal_roster_ex_member_and_eligibility" name="test_scope_non_athletes_applies_meal_eligible" time="0.888" /><testcase classname="tests.test_meal_roster_ex_member_and_eligibility" name="test_chef_view_and_roster_have_same_member_set" time="0.260" /></testsuite></testsuites>