<?xml version="1.0" encoding="utf-8"?><testsuites name="pytest tests"><testsuite name="pytest" errors="0" failures="0" skipped="0" tests="18" time="5.056" timestamp="2026-08-16T02:53:33.222479+00:00" hostname="agent-env-b0401a0a-2d4a-432f-9bc6-c5046b9cbe39"><testcase classname="tests.test_meal_muster" name="test_meal_config_shape" time="0.480" /><testcase classname="tests.test_meal_muster" name="test_meal_config_requires_auth" time="0.100" /><testcase classname="tests.test_meal_muster" name="test_meals_roster_shape_and_scope_all" time="0.110" /><testcase classname="tests.test_meal_muster" name="test_meals_roster_requires_auth" time="0.101" /><testcase classname="tests.test_meal_muster" name="test_meals_roster_scope_athletes_only" time="0.100" /><testcase classname="tests.test_meal_muster" name="test_meals_roster_scope_staff_only" time="0.104" /><testcase classname="tests.test_meal_muster" name="test_meals_roster_scope_non_athletes_excludes_athletes" time="0.102" /><testcase classname="tests.test_meal_muster" name="test_meals_roster_bad_meal" time="0.096" /><testcase classname="tests.test_meal_muster" name="test_meals_roster_bad_date" time="0.100" /><testcase classname="tests.test_meal_muster" name="test_mark_bulk_and_idempotency" time="0.811" /><testcase classname="tests.test_meal_muster" name="test_unmark_bulk_removes_records" time="0.820" /><testcase classname="tests.test_meal_muster" name="test_mark_bulk_requires_auth" time="0.096" /><testcase classname="tests.test_meal_muster" name="test_daily_counts_shape_and_totals" time="0.854" /><testcase classname="tests.test_meal_muster" name="test_daily_counts_bad_date" time="0.109" /><testcase classname="tests.test_meal_muster" name="test_monthly_grid_shape_and_totals" time="0.709" /><testcase classname="tests.test_meal_muster" name="test_monthly_grid_bad_month" time="0.118" /><testcase classname="tests.test_meal_muster" name="test_daily_counts_requires_auth" time="0.102" /><testcase classname="tests.test_meal_muster" name="test_monthly_grid_requires_auth" time="0.092" /></testsuite></testsuites>