<?xml version="1.0" encoding="utf-8"?><testsuites name="pytest tests"><testsuite name="pytest" errors="0" failures="0" skipped="0" tests="18" time="6.917" timestamp="2026-08-08T02:43:37.359262+00:00" hostname="agent-env-b0401a0a-2d4a-432f-9bc6-c5046b9cbe39"><testcase classname="tests.test_meal_muster" name="test_meal_config_shape" time="0.613" /><testcase classname="tests.test_meal_muster" name="test_meal_config_requires_auth" time="0.109" /><testcase classname="tests.test_meal_muster" name="test_meals_roster_shape_and_scope_all" time="0.179" /><testcase classname="tests.test_meal_muster" name="test_meals_roster_requires_auth" time="0.113" /><testcase classname="tests.test_meal_muster" name="test_meals_roster_scope_athletes_only" time="0.159" /><testcase classname="tests.test_meal_muster" name="test_meals_roster_scope_staff_only" time="0.104" /><testcase classname="tests.test_meal_muster" name="test_meals_roster_scope_non_athletes_excludes_athletes" time="1.132" /><testcase classname="tests.test_meal_muster" name="test_meals_roster_bad_meal" time="0.104" /><testcase classname="tests.test_meal_muster" name="test_meals_roster_bad_date" time="0.107" /><testcase classname="tests.test_meal_muster" name="test_mark_bulk_and_idempotency" time="0.986" /><testcase classname="tests.test_meal_muster" name="test_unmark_bulk_removes_records" time="0.983" /><testcase classname="tests.test_meal_muster" name="test_mark_bulk_requires_auth" time="0.131" /><testcase classname="tests.test_meal_muster" name="test_daily_counts_shape_and_totals" time="0.955" /><testcase classname="tests.test_meal_muster" name="test_daily_counts_bad_date" time="0.099" /><testcase classname="tests.test_meal_muster" name="test_monthly_grid_shape_and_totals" time="0.781" /><testcase classname="tests.test_meal_muster" name="test_monthly_grid_bad_month" time="0.101" /><testcase classname="tests.test_meal_muster" name="test_daily_counts_requires_auth" time="0.107" /><testcase classname="tests.test_meal_muster" name="test_monthly_grid_requires_auth" time="0.097" /></testsuite></testsuites>