<?xml version="1.0" encoding="utf-8"?><testsuites name="pytest tests"><testsuite name="pytest" errors="0" failures="0" skipped="0" tests="13" time="10.664" timestamp="2026-09-13T06:08:44.642495+00:00" hostname="agent-env-b0401a0a-2d4a-432f-9bc6-c5046b9cbe39"><testcase classname="tests.test_notify_parent.TestLateReport" name="test_late_report_returns_list" time="7.879" /><testcase classname="tests.test_notify_parent.TestNotifyParent" name="test_notify_parent_bad_reason" time="0.268" /><testcase classname="tests.test_notify_parent.TestNotifyParent" name="test_notify_parent_bad_role" time="0.082" /><testcase classname="tests.test_notify_parent.TestNotifyParent" name="test_notify_parent_unknown_member" time="0.087" /><testcase classname="tests.test_notify_parent.TestNotifyParent" name="test_notify_parent_no_number" time="0.185" /><testcase classname="tests.test_notify_parent.TestNotifyParent" name="test_notify_parent_success_and_shows_in_today" time="0.268" /><testcase classname="tests.test_notify_parent.TestNotifyLog" name="test_log_admin_ok" time="0.084" /><testcase classname="tests.test_notify_parent.TestNotifyLog" name="test_log_filter_absent" time="0.078" /><testcase classname="tests.test_notify_parent.TestNotifyLog" name="test_log_coach_ok" time="1.084" /><testcase classname="tests.test_notify_parent.TestNotifyLog" name="test_log_sorted_newest_first" time="0.090" /><testcase classname="tests.test_notify_parent.TestTemplates" name="test_get_templates_defaults" time="0.098" /><testcase classname="tests.test_notify_parent.TestTemplates" name="test_put_templates_admin_persists" time="0.329" /><testcase classname="tests.test_notify_parent.TestTemplates" name="test_put_templates_coach_forbidden" time="0.080" /></testsuite></testsuites>