<?xml version="1.0" encoding="utf-8"?><testsuites name="pytest tests"><testsuite name="pytest" errors="0" failures="1" skipped="0" tests="9" time="2.992" timestamp="2026-06-14T17:12:31.195488+00:00" hostname="agent-env-15d328fe-c965-428b-a40a-718248f4b93b"><testcase classname="tests.test_timezone_late_api.TestOfficeTimezone" name="test_office_returns_timezone_and_grace" time="0.565" /><testcase classname="tests.test_timezone_late_api.TestOfficeTimezone" name="test_put_office_persists_timezone_and_grace" time="0.399" /><testcase classname="tests.test_timezone_late_api.TestLateCheckin" name="test_admin_toggle_creates_late_session" time="0.890" /><testcase classname="tests.test_timezone_late_api.TestLateCheckin" name="test_presence_marks_member_late" time="0.098" /><testcase classname="tests.test_timezone_late_api.TestLateCheckin" name="test_admin_summary_has_late_today" time="0.103" /><testcase classname="tests.test_timezone_late_api.TestLateCheckin" name="test_reports_hours_includes_late_days" time="0.100"><failure message="AssertionError: test member not in hours report&#10;assert None is not None">tests/test_timezone_late_api.py:194: in test_reports_hours_includes_late_days
    assert me is not None, "test member not in hours report"
E   AssertionError: test member not in hours report
E   assert None is not None</failure></testcase><testcase classname="tests.test_timezone_late_api.TestLateCheckin" name="test_reports_hours_export_csv_has_late_days_column" time="0.099" /><testcase classname="tests.test_timezone_late_api.TestLateCheckin" name="test_me_stats_returns_late_days_this_week" time="0.098" /><testcase classname="tests.test_timezone_late_api.TestLateCheckin" name="test_me_stats_test_member_late_days" time="0.533" /></testsuite></testsuites>