<?xml version="1.0" encoding="utf-8"?><testsuites name="pytest tests"><testsuite name="pytest" errors="0" failures="0" skipped="0" tests="16" time="3.502" timestamp="2026-06-14T17:13:03.531253+00:00" hostname="agent-env-15d328fe-c965-428b-a40a-718248f4b93b"><testcase classname="tests.test_timezone_late_api.TestOfficeTimezone" name="test_office_returns_timezone_and_grace" time="0.471" /><testcase classname="tests.test_timezone_late_api.TestOfficeTimezone" name="test_put_office_persists_timezone_and_grace" time="0.465" /><testcase classname="tests.test_timezone_late_api.TestLateCheckin" name="test_admin_toggle_creates_late_session" time="0.829" /><testcase classname="tests.test_timezone_late_api.TestLateCheckin" name="test_presence_marks_member_late" time="0.114" /><testcase classname="tests.test_timezone_late_api.TestLateCheckin" name="test_admin_summary_has_late_today" time="0.097" /><testcase classname="tests.test_timezone_late_api.TestLateCheckin" name="test_reports_hours_includes_late_days" time="0.209" /><testcase classname="tests.test_timezone_late_api.TestLateCheckin" name="test_reports_hours_export_csv_has_late_days_column" time="0.095" /><testcase classname="tests.test_timezone_late_api.TestLateCheckin" name="test_me_stats_returns_late_days_this_week" time="0.099" /><testcase classname="tests.test_timezone_late_api.TestLateCheckin" name="test_me_stats_test_member_late_days" time="0.530" /><testcase classname="tests.test_timezone_late" name="test_local_date_str_ist_rollover" time="0.000" /><testcase classname="tests.test_timezone_late" name="test_local_date_str_utc" time="0.001" /><testcase classname="tests.test_timezone_late" name="test_local_date_str_defaults_to_ist_when_missing" time="0.000" /><testcase classname="tests.test_timezone_late" name="test_local_hm_converts_to_office_tz" time="0.000" /><testcase classname="tests.test_timezone_late" name="test_compute_late_true_after_start_plus_grace" time="0.000" /><testcase classname="tests.test_timezone_late" name="test_compute_late_false_within_grace" time="0.000" /><testcase classname="tests.test_timezone_late" name="test_compute_late_uses_member_work_start_override" time="0.000" /></testsuite></testsuites>