<?xml version="1.0" encoding="utf-8"?><testsuites name="pytest tests"><testsuite name="pytest" errors="0" failures="0" skipped="0" tests="10" time="7.717" timestamp="2026-06-10T02:56:43.690992+00:00" hostname="agent-env-15d328fe-c965-428b-a40a-718248f4b93b"><testcase classname="backend.tests.test_new_features.TestOutOfGeofence" name="test_far_no_reason_400" time="1.444" /><testcase classname="backend.tests.test_new_features.TestOutOfGeofence" name="test_far_with_reason_succeeds" time="0.523" /><testcase classname="backend.tests.test_new_features.TestInGeofence" name="test_in_geofence_no_reason" time="0.992" /><testcase classname="backend.tests.test_new_features.TestMemberCard" name="test_card_admin_returns_personal_qr" time="0.348" /><testcase classname="backend.tests.test_new_features.TestMemberCard" name="test_card_member_forbidden" time="0.985" /><testcase classname="backend.tests.test_new_features.TestMemberCard" name="test_all_members_have_personal_qr" time="0.958" /><testcase classname="backend.tests.test_new_features.TestScanCard" name="test_scan_invalid_card" time="1.540" /><testcase classname="backend.tests.test_new_features.TestScanCard" name="test_scan_oog_no_reason" time="0.103" /><testcase classname="backend.tests.test_new_features.TestScanCard" name="test_scan_checkin_then_checkout" time="0.428" /><testcase classname="backend.tests.test_new_features.TestScanCard" name="test_scan_oog_with_reason" time="0.331" /></testsuite></testsuites>