<?xml version="1.0" encoding="utf-8"?><testsuites name="pytest tests"><testsuite name="pytest" errors="13" failures="5" skipped="0" tests="63" time="67.964" timestamp="2026-06-14T12:01:46.098825+00:00" hostname="agent-env-15d328fe-c965-428b-a40a-718248f4b93b"><testcase classname="tests.test_attendance_api.TestAuth" name="test_login_admin" time="0.337" /><testcase classname="tests.test_attendance_api.TestAuth" name="test_login_member" time="0.098"><failure message="assert 401 == 200&#10; +  where 401 = &lt;Response [401]&gt;.status_code">tests/test_attendance_api.py:55: in test_login_member
    assert r.status_code == 200
E   assert 401 == 200
E    +  where 401 = &lt;Response [401]&gt;.status_code</failure></testcase><testcase classname="tests.test_attendance_api.TestAuth" name="test_login_invalid" time="0.316" /><testcase classname="tests.test_attendance_api.TestAuth" name="test_me" time="0.413" /><testcase classname="tests.test_attendance_api.TestAuth" name="test_me_no_token" time="0.101" /><testcase classname="tests.test_attendance_api.TestOffice" name="test_get_office_member" time="0.093"><error message="failed on setup with &quot;AssertionError: {&quot;detail&quot;:&quot;Incorrect email or password&quot;}&#10;assert 401 == 200&#10; +  where 401 = &lt;Response [401]&gt;.status_code&quot;">tests/test_attendance_api.py:37: in member_token
    assert r.status_code == 200, r.text
E   AssertionError: {"detail":"Incorrect email or password"}
E   assert 401 == 200
E    +  where 401 = &lt;Response [401]&gt;.status_code</error></testcase><testcase classname="tests.test_attendance_api.TestOffice" name="test_put_office_member_forbidden" time="0.000"><error message="failed on setup with &quot;AssertionError: {&quot;detail&quot;:&quot;Incorrect email or password&quot;}&#10;assert 401 == 200&#10; +  where 401 = &lt;Response [401]&gt;.status_code&quot;">tests/test_attendance_api.py:37: in member_token
    assert r.status_code == 200, r.text
E   AssertionError: {"detail":"Incorrect email or password"}
E   assert 401 == 200
E    +  where 401 = &lt;Response [401]&gt;.status_code</error></testcase><testcase classname="tests.test_attendance_api.TestOffice" name="test_put_office_admin" time="0.098" /><testcase classname="tests.test_attendance_api.TestOffice" name="test_regenerate_qr_member_forbidden" time="0.000"><error message="failed on setup with &quot;AssertionError: {&quot;detail&quot;:&quot;Incorrect email or password&quot;}&#10;assert 401 == 200&#10; +  where 401 = &lt;Response [401]&gt;.status_code&quot;">tests/test_attendance_api.py:37: in member_token
    assert r.status_code == 200, r.text
E   AssertionError: {"detail":"Incorrect email or password"}
E   assert 401 == 200
E    +  where 401 = &lt;Response [401]&gt;.status_code</error></testcase><testcase classname="tests.test_attendance_api.TestMembers" name="test_list_members_member_role" time="0.000"><error message="failed on setup with &quot;AssertionError: {&quot;detail&quot;:&quot;Incorrect email or password&quot;}&#10;assert 401 == 200&#10; +  where 401 = &lt;Response [401]&gt;.status_code&quot;">tests/test_attendance_api.py:37: in member_token
    assert r.status_code == 200, r.text
E   AssertionError: {"detail":"Incorrect email or password"}
E   assert 401 == 200
E    +  where 401 = &lt;Response [401]&gt;.status_code</error></testcase><testcase classname="tests.test_attendance_api.TestMembers" name="test_create_member_member_forbidden" time="0.000"><error message="failed on setup with &quot;AssertionError: {&quot;detail&quot;:&quot;Incorrect email or password&quot;}&#10;assert 401 == 200&#10; +  where 401 = &lt;Response [401]&gt;.status_code&quot;">tests/test_attendance_api.py:37: in member_token
    assert r.status_code == 200, r.text
E   AssertionError: {"detail":"Incorrect email or password"}
E   assert 401 == 200
E    +  where 401 = &lt;Response [401]&gt;.status_code</error></testcase><testcase classname="tests.test_attendance_api.TestMembers" name="test_create_member_admin" time="0.316" /><testcase classname="tests.test_attendance_api.TestMembers" name="test_update_member" time="0.095" /><testcase classname="tests.test_attendance_api.TestMembers" name="test_delete_member" time="0.094" /><testcase classname="tests.test_attendance_api.TestMembers" name="test_delete_member_member_forbidden" time="0.000"><error message="failed on setup with &quot;AssertionError: {&quot;detail&quot;:&quot;Incorrect email or password&quot;}&#10;assert 401 == 200&#10; +  where 401 = &lt;Response [401]&gt;.status_code&quot;">tests/test_attendance_api.py:37: in member_token
    assert r.status_code == 200, r.text
E   AssertionError: {"detail":"Incorrect email or password"}
E   assert 401 == 200
E    +  where 401 = &lt;Response [401]&gt;.status_code</error></testcase><testcase classname="tests.test_attendance_api.TestAttendance" name="test_status_initial" time="0.736" /><testcase classname="tests.test_attendance_api.TestAttendance" name="test_checkin_invalid_qr" time="0.101" /><testcase classname="tests.test_attendance_api.TestAttendance" name="test_checkin_far_location" time="0.193" /><testcase classname="tests.test_attendance_api.TestAttendance" name="test_checkin_success" time="0.296" /><testcase classname="tests.test_attendance_api.TestAttendance" name="test_checkin_duplicate" time="0.198" /><testcase classname="tests.test_attendance_api.TestAttendance" name="test_checkout_success" time="0.199" /><testcase classname="tests.test_attendance_api.TestAttendance" name="test_checkout_when_not_checked_in" time="0.197" /><testcase classname="tests.test_attendance_api.TestPresence" name="test_presence_board" time="0.000"><error message="failed on setup with &quot;AssertionError: {&quot;detail&quot;:&quot;Incorrect email or password&quot;}&#10;assert 401 == 200&#10; +  where 401 = &lt;Response [401]&gt;.status_code&quot;">tests/test_attendance_api.py:37: in member_token
    assert r.status_code == 200, r.text
E   AssertionError: {"detail":"Incorrect email or password"}
E   assert 401 == 200
E    +  where 401 = &lt;Response [401]&gt;.status_code</error></testcase><testcase classname="tests.test_attendance_api.TestLeaves" name="test_create_tour" time="0.744" /><testcase classname="tests.test_attendance_api.TestLeaves" name="test_my_leaves" time="0.095" /><testcase classname="tests.test_attendance_api.TestLeaves" name="test_admin_list_pending" time="0.094" /><testcase classname="tests.test_attendance_api.TestLeaves" name="test_member_cant_list_all" time="0.093" /><testcase classname="tests.test_attendance_api.TestLeaves" name="test_approve_leave" time="0.088" /><testcase classname="tests.test_attendance_api.TestLeaves" name="test_presence_reflects_tour" time="0.214" /><testcase classname="tests.test_attendance_api.TestStats" name="test_me_stats" time="0.000"><error message="failed on setup with &quot;AssertionError: {&quot;detail&quot;:&quot;Incorrect email or password&quot;}&#10;assert 401 == 200&#10; +  where 401 = &lt;Response [401]&gt;.status_code&quot;">tests/test_attendance_api.py:37: in member_token
    assert r.status_code == 200, r.text
E   AssertionError: {"detail":"Incorrect email or password"}
E   assert 401 == 200
E    +  where 401 = &lt;Response [401]&gt;.status_code</error></testcase><testcase classname="tests.test_attendance_api.TestStats" name="test_admin_summary" time="0.103" /><testcase classname="tests.test_attendance_api.TestStats" name="test_admin_summary_member_forbidden" time="0.000"><error message="failed on setup with &quot;AssertionError: {&quot;detail&quot;:&quot;Incorrect email or password&quot;}&#10;assert 401 == 200&#10; +  where 401 = &lt;Response [401]&gt;.status_code&quot;">tests/test_attendance_api.py:37: in member_token
    assert r.status_code == 200, r.text
E   AssertionError: {"detail":"Incorrect email or password"}
E   assert 401 == 200
E    +  where 401 = &lt;Response [401]&gt;.status_code</error></testcase><testcase classname="tests.test_attendance_api.TestReports" name="test_hours_report" time="0.095" /><testcase classname="tests.test_attendance_api.TestReports" name="test_hours_report_member_forbidden" time="0.000"><error message="failed on setup with &quot;AssertionError: {&quot;detail&quot;:&quot;Incorrect email or password&quot;}&#10;assert 401 == 200&#10; +  where 401 = &lt;Response [401]&gt;.status_code&quot;">tests/test_attendance_api.py:37: in member_token
    assert r.status_code == 200, r.text
E   AssertionError: {"detail":"Incorrect email or password"}
E   assert 401 == 200
E    +  where 401 = &lt;Response [401]&gt;.status_code</error></testcase><testcase classname="tests.test_attendance_api.TestReports" name="test_daily_report" time="0.000"><error message="failed on setup with &quot;AssertionError: {&quot;detail&quot;:&quot;Incorrect email or password&quot;}&#10;assert 401 == 200&#10; +  where 401 = &lt;Response [401]&gt;.status_code&quot;">tests/test_attendance_api.py:37: in member_token
    assert r.status_code == 200, r.text
E   AssertionError: {"detail":"Incorrect email or password"}
E   assert 401 == 200
E    +  where 401 = &lt;Response [401]&gt;.status_code</error></testcase><testcase classname="tests.test_attendance_api.TestReports" name="test_export_hours_csv" time="0.093" /><testcase classname="tests.test_attendance_api.TestReports" name="test_export_hours_pdf" time="0.105" /><testcase classname="tests.test_attendance_api.TestReports" name="test_export_daily_csv" time="0.000"><error message="failed on setup with &quot;AssertionError: {&quot;detail&quot;:&quot;Incorrect email or password&quot;}&#10;assert 401 == 200&#10; +  where 401 = &lt;Response [401]&gt;.status_code&quot;">tests/test_attendance_api.py:37: in member_token
    assert r.status_code == 200, r.text
E   AssertionError: {"detail":"Incorrect email or password"}
E   assert 401 == 200
E    +  where 401 = &lt;Response [401]&gt;.status_code</error></testcase><testcase classname="tests.test_attendance_api.TestReports" name="test_export_daily_pdf" time="0.000"><error message="failed on setup with &quot;AssertionError: {&quot;detail&quot;:&quot;Incorrect email or password&quot;}&#10;assert 401 == 200&#10; +  where 401 = &lt;Response [401]&gt;.status_code&quot;">tests/test_attendance_api.py:37: in member_token
    assert r.status_code == 200, r.text
E   AssertionError: {"detail":"Incorrect email or password"}
E   assert 401 == 200
E    +  where 401 = &lt;Response [401]&gt;.status_code</error></testcase><testcase classname="tests.test_master_data.TestOffice" name="test_get_office_returns_default_work_hours" time="0.422" /><testcase classname="tests.test_master_data.TestOffice" name="test_put_office_persists" time="0.286" /><testcase classname="tests.test_master_data.TestOffice" name="test_put_office_forbidden_for_member" time="0.951" /><testcase classname="tests.test_master_data.TestMemberFields" name="test_create_member_with_new_fields_and_patch" time="0.743" /><testcase classname="tests.test_master_data.TestTemplate" name="test_template_returns_xlsx_with_correct_headers" time="0.103" /><testcase classname="tests.test_master_data.TestTemplate" name="test_template_forbidden_for_member" time="0.934" /><testcase classname="tests.test_master_data.TestBulkImport" name="test_import_three_rows_one_bad" time="1.155" /><testcase classname="tests.test_master_data.TestBulkImport" name="test_import_same_file_again_skips" time="0.953" /><testcase classname="tests.test_master_data.TestBulkImport" name="test_import_forbidden_for_member" time="1.626" /><testcase classname="tests.test_master_data.TestRegression" name="test_login_admin" time="0.324" /><testcase classname="tests.test_master_data.TestRegression" name="test_presence_and_summary" time="0.193" /><testcase classname="tests.test_master_data.TestRegression" name="test_checkin_checkout_at_current_office" time="0.195"><failure message="AssertionError: {&quot;detail&quot;:&quot;OUT_OF_GEOFENCE:411204&quot;}&#10;assert 400 == 200&#10; +  where 400 = &lt;Response [400]&gt;.status_code">tests/test_master_data.py:335: in test_checkin_checkout_at_current_office
    assert r.status_code == 200, r.text
E   AssertionError: {"detail":"OUT_OF_GEOFENCE:411204"}
E   assert 400 == 200
E    +  where 400 = &lt;Response [400]&gt;.status_code</failure></testcase><testcase classname="tests.test_master_data.TestRegression" name="test_scan_card_with_admin_personal_qr" time="0.698"><failure message="assert 400 == 200&#10; +  where 400 = &lt;Response [400]&gt;.status_code">tests/test_master_data.py:367: in test_scan_card_with_admin_personal_qr
    assert r.status_code == 200
E   assert 400 == 200
E    +  where 400 = &lt;Response [400]&gt;.status_code</failure></testcase><testcase classname="tests.test_master_data.TestRegression" name="test_leaves_and_reports" time="0.292" /><testcase classname="tests.test_new_features.TestOutOfGeofence" name="test_far_no_reason_400" time="1.223" /><testcase classname="tests.test_new_features.TestOutOfGeofence" name="test_far_with_reason_succeeds" time="47.616" /><testcase classname="tests.test_new_features.TestInGeofence" name="test_in_geofence_no_reason" time="0.924"><failure message="AssertionError: {&quot;detail&quot;:&quot;OUT_OF_GEOFENCE:411204&quot;}&#10;assert 400 == 200&#10; +  where 400 = &lt;Response [400]&gt;.status_code">tests/test_new_features.py:88: in test_in_geofence_no_reason
    assert r.status_code == 200, r.text
E   AssertionError: {"detail":"OUT_OF_GEOFENCE:411204"}
E   assert 400 == 200
E    +  where 400 = &lt;Response [400]&gt;.status_code</failure></testcase><testcase classname="tests.test_new_features.TestMemberCard" name="test_card_admin_returns_personal_qr" time="0.202" /><testcase classname="tests.test_new_features.TestMemberCard" name="test_card_member_forbidden" time="0.919" /><testcase classname="tests.test_new_features.TestMemberCard" name="test_all_members_have_personal_qr" time="0.194" /><testcase classname="tests.test_new_features.TestScanCard" name="test_scan_invalid_card" time="1.512" /><testcase classname="tests.test_new_features.TestScanCard" name="test_scan_oog_no_reason" time="0.104" /><testcase classname="tests.test_new_features.TestScanCard" name="test_scan_checkin_then_checkout" time="0.091"><failure message="AssertionError: {&quot;detail&quot;:&quot;OUT_OF_GEOFENCE:411204&quot;}&#10;assert 400 == 200&#10; +  where 400 = &lt;Response [400]&gt;.status_code">tests/test_new_features.py:160: in test_scan_checkin_then_checkout
    assert r.status_code == 200, r.text
E   AssertionError: {"detail":"OUT_OF_GEOFENCE:411204"}
E   assert 400 == 200
E    +  where 400 = &lt;Response [400]&gt;.status_code</failure></testcase><testcase classname="tests.test_new_features.TestScanCard" name="test_scan_oog_with_reason" time="0.289" /></testsuite></testsuites>