<?xml version="1.0" encoding="utf-8"?><testsuites name="pytest tests"><testsuite name="pytest" errors="0" failures="2" skipped="0" tests="24" time="16.471" timestamp="2026-06-14T12:03:36.265696+00:00" hostname="agent-env-15d328fe-c965-428b-a40a-718248f4b93b"><testcase classname="tests.test_master_data.TestOffice" name="test_get_office_returns_default_work_hours" time="0.487" /><testcase classname="tests.test_master_data.TestOffice" name="test_put_office_persists" time="0.304" /><testcase classname="tests.test_master_data.TestOffice" name="test_put_office_forbidden_for_member" time="0.936" /><testcase classname="tests.test_master_data.TestMemberFields" name="test_create_member_with_new_fields_and_patch" time="0.724" /><testcase classname="tests.test_master_data.TestTemplate" name="test_template_returns_xlsx_with_correct_headers" time="0.108" /><testcase classname="tests.test_master_data.TestTemplate" name="test_template_forbidden_for_member" time="0.935" /><testcase classname="tests.test_master_data.TestBulkImport" name="test_import_three_rows_one_bad" time="1.166" /><testcase classname="tests.test_master_data.TestBulkImport" name="test_import_same_file_again_skips" time="0.980" /><testcase classname="tests.test_master_data.TestBulkImport" name="test_import_forbidden_for_member" time="1.647" /><testcase classname="tests.test_master_data.TestRegression" name="test_login_admin" time="0.319" /><testcase classname="tests.test_master_data.TestRegression" name="test_presence_and_summary" time="0.195" /><testcase classname="tests.test_master_data.TestRegression" name="test_checkin_checkout_at_current_office" time="1.654" /><testcase classname="tests.test_master_data.TestRegression" name="test_scan_card_with_admin_personal_qr" time="0.814" /><testcase classname="tests.test_master_data.TestRegression" name="test_leaves_and_reports" time="0.286" /><testcase classname="tests.test_new_features.TestOutOfGeofence" name="test_far_no_reason_400" time="1.164" /><testcase classname="tests.test_new_features.TestOutOfGeofence" name="test_far_with_reason_succeeds" time="0.385" /><testcase classname="tests.test_new_features.TestInGeofence" name="test_in_geofence_no_reason" time="0.820"><failure message="AssertionError: {&quot;detail&quot;:&quot;OUT_OF_GEOFENCE:411204&quot;}&#10;assert 400 == 200&#10; +  where 400 = &lt;Response [400]&gt;.status_code">E   AssertionError: {"detail":"OUT_OF_GEOFENCE:411204"}
    assert 400 == 200
     +  where 400 = &lt;Response [400]&gt;.status_code</failure></testcase><testcase classname="tests.test_new_features.TestMemberCard" name="test_card_admin_returns_personal_qr" time="0.188" /><testcase classname="tests.test_new_features.TestMemberCard" name="test_card_member_forbidden" time="0.919" /><testcase classname="tests.test_new_features.TestMemberCard" name="test_all_members_have_personal_qr" time="0.190" /><testcase classname="tests.test_new_features.TestScanCard" name="test_scan_invalid_card" time="1.491" /><testcase classname="tests.test_new_features.TestScanCard" name="test_scan_oog_no_reason" time="0.092" /><testcase classname="tests.test_new_features.TestScanCard" name="test_scan_checkin_then_checkout" time="0.097"><failure message="AssertionError: {&quot;detail&quot;:&quot;OUT_OF_GEOFENCE:411204&quot;}&#10;assert 400 == 200&#10; +  where 400 = &lt;Response [400]&gt;.status_code">E   AssertionError: {"detail":"OUT_OF_GEOFENCE:411204"}
    assert 400 == 200
     +  where 400 = &lt;Response [400]&gt;.status_code</failure></testcase><testcase classname="tests.test_new_features.TestScanCard" name="test_scan_oog_with_reason" time="0.289" /></testsuite></testsuites>