<?xml version="1.0" encoding="utf-8"?><testsuites name="pytest tests"><testsuite name="pytest" errors="0" failures="0" skipped="0" tests="49" time="24.803" timestamp="2026-06-10T02:57:22.263220+00:00" hostname="agent-env-15d328fe-c965-428b-a40a-718248f4b93b"><testcase classname="backend.tests.test_attendance_api.TestAuth" name="test_login_admin" time="1.406" /><testcase classname="backend.tests.test_attendance_api.TestAuth" name="test_login_member" time="0.321" /><testcase classname="backend.tests.test_attendance_api.TestAuth" name="test_login_invalid" time="3.394" /><testcase classname="backend.tests.test_attendance_api.TestAuth" name="test_me" time="0.523" /><testcase classname="backend.tests.test_attendance_api.TestAuth" name="test_me_no_token" time="0.100" /><testcase classname="backend.tests.test_attendance_api.TestOffice" name="test_get_office_member" time="0.438" /><testcase classname="backend.tests.test_attendance_api.TestOffice" name="test_put_office_member_forbidden" time="0.101" /><testcase classname="backend.tests.test_attendance_api.TestOffice" name="test_put_office_admin" time="0.106" /><testcase classname="backend.tests.test_attendance_api.TestOffice" name="test_regenerate_qr_member_forbidden" time="0.109" /><testcase classname="backend.tests.test_attendance_api.TestMembers" name="test_list_members_member_role" time="0.107" /><testcase classname="backend.tests.test_attendance_api.TestMembers" name="test_create_member_member_forbidden" time="0.125" /><testcase classname="backend.tests.test_attendance_api.TestMembers" name="test_create_member_admin" time="0.322" /><testcase classname="backend.tests.test_attendance_api.TestMembers" name="test_update_member" time="0.104" /><testcase classname="backend.tests.test_attendance_api.TestMembers" name="test_delete_member" time="0.106" /><testcase classname="backend.tests.test_attendance_api.TestMembers" name="test_delete_member_member_forbidden" time="5.256" /><testcase classname="backend.tests.test_attendance_api.TestAttendance" name="test_status_initial" time="1.013" /><testcase classname="backend.tests.test_attendance_api.TestAttendance" name="test_checkin_invalid_qr" time="0.129" /><testcase classname="backend.tests.test_attendance_api.TestAttendance" name="test_checkin_far_location" time="0.203" /><testcase classname="backend.tests.test_attendance_api.TestAttendance" name="test_checkin_success" time="0.336" /><testcase classname="backend.tests.test_attendance_api.TestAttendance" name="test_checkin_duplicate" time="0.244" /><testcase classname="backend.tests.test_attendance_api.TestAttendance" name="test_checkout_success" time="0.226" /><testcase classname="backend.tests.test_attendance_api.TestAttendance" name="test_checkout_when_not_checked_in" time="0.222" /><testcase classname="backend.tests.test_attendance_api.TestPresence" name="test_presence_board" time="0.119" /><testcase classname="backend.tests.test_attendance_api.TestLeaves" name="test_create_tour" time="0.775" /><testcase classname="backend.tests.test_attendance_api.TestLeaves" name="test_my_leaves" time="0.108" /><testcase classname="backend.tests.test_attendance_api.TestLeaves" name="test_admin_list_pending" time="0.125" /><testcase classname="backend.tests.test_attendance_api.TestLeaves" name="test_member_cant_list_all" time="0.109" /><testcase classname="backend.tests.test_attendance_api.TestLeaves" name="test_approve_leave" time="0.100" /><testcase classname="backend.tests.test_attendance_api.TestLeaves" name="test_presence_reflects_tour" time="0.229" /><testcase classname="backend.tests.test_attendance_api.TestStats" name="test_me_stats" time="0.102" /><testcase classname="backend.tests.test_attendance_api.TestStats" name="test_admin_summary" time="0.124" /><testcase classname="backend.tests.test_attendance_api.TestStats" name="test_admin_summary_member_forbidden" time="0.114" /><testcase classname="backend.tests.test_attendance_api.TestReports" name="test_hours_report" time="0.114" /><testcase classname="backend.tests.test_attendance_api.TestReports" name="test_hours_report_member_forbidden" time="0.116" /><testcase classname="backend.tests.test_attendance_api.TestReports" name="test_daily_report" time="0.110" /><testcase classname="backend.tests.test_attendance_api.TestReports" name="test_export_hours_csv" time="0.106" /><testcase classname="backend.tests.test_attendance_api.TestReports" name="test_export_hours_pdf" time="0.109" /><testcase classname="backend.tests.test_attendance_api.TestReports" name="test_export_daily_csv" time="0.115" /><testcase classname="backend.tests.test_attendance_api.TestReports" name="test_export_daily_pdf" time="0.104" /><testcase classname="backend.tests.test_new_features.TestOutOfGeofence" name="test_far_no_reason_400" time="1.205" /><testcase classname="backend.tests.test_new_features.TestOutOfGeofence" name="test_far_with_reason_succeeds" time="0.468" /><testcase classname="backend.tests.test_new_features.TestInGeofence" name="test_in_geofence_no_reason" time="0.975" /><testcase classname="backend.tests.test_new_features.TestMemberCard" name="test_card_admin_returns_personal_qr" time="0.228" /><testcase classname="backend.tests.test_new_features.TestMemberCard" name="test_card_member_forbidden" time="0.951" /><testcase classname="backend.tests.test_new_features.TestMemberCard" name="test_all_members_have_personal_qr" time="0.822" /><testcase classname="backend.tests.test_new_features.TestScanCard" name="test_scan_invalid_card" time="1.564" /><testcase classname="backend.tests.test_new_features.TestScanCard" name="test_scan_oog_no_reason" time="0.106" /><testcase classname="backend.tests.test_new_features.TestScanCard" name="test_scan_checkin_then_checkout" time="0.461" /><testcase classname="backend.tests.test_new_features.TestScanCard" name="test_scan_oog_with_reason" time="0.327" /></testsuite></testsuites>