<?xml version="1.0" encoding="utf-8"?><testsuites name="pytest tests"><testsuite name="pytest" errors="0" failures="0" skipped="0" tests="7" time="0.557" timestamp="2026-06-14T17:11:22.958683+00:00" hostname="agent-env-15d328fe-c965-428b-a40a-718248f4b93b"><testcase classname="tests.test_timezone_late" name="test_local_date_str_ist_rollover" time="0.001" /><testcase classname="tests.test_timezone_late" name="test_local_date_str_utc" time="0.000" /><testcase classname="tests.test_timezone_late" name="test_local_date_str_defaults_to_ist_when_missing" time="0.000" /><testcase classname="tests.test_timezone_late" name="test_local_hm_converts_to_office_tz" time="0.000" /><testcase classname="tests.test_timezone_late" name="test_compute_late_true_after_start_plus_grace" time="0.000" /><testcase classname="tests.test_timezone_late" name="test_compute_late_false_within_grace" time="0.000" /><testcase classname="tests.test_timezone_late" name="test_compute_late_uses_member_work_start_override" time="0.000" /></testsuite></testsuites>