<?xml version="1.0" encoding="utf-8"?><testsuites name="pytest tests"><testsuite name="pytest" errors="0" failures="2" skipped="0" tests="39" time="8.091" timestamp="2026-06-10T02:56:56.578945+00:00" hostname="agent-env-15d328fe-c965-428b-a40a-718248f4b93b"><testcase classname="backend.tests.test_attendance_api.TestAuth" name="test_login_admin" time="0.344" /><testcase classname="backend.tests.test_attendance_api.TestAuth" name="test_login_member" time="0.340" /><testcase classname="backend.tests.test_attendance_api.TestAuth" name="test_login_invalid" time="0.328" /><testcase classname="backend.tests.test_attendance_api.TestAuth" name="test_me" time="0.427" /><testcase classname="backend.tests.test_attendance_api.TestAuth" name="test_me_no_token" time="0.108" /><testcase classname="backend.tests.test_attendance_api.TestOffice" name="test_get_office_member" time="0.472" /><testcase classname="backend.tests.test_attendance_api.TestOffice" name="test_put_office_member_forbidden" time="0.103" /><testcase classname="backend.tests.test_attendance_api.TestOffice" name="test_put_office_admin" time="0.117" /><testcase classname="backend.tests.test_attendance_api.TestOffice" name="test_regenerate_qr_member_forbidden" time="0.098" /><testcase classname="backend.tests.test_attendance_api.TestMembers" name="test_list_members_member_role" time="0.100" /><testcase classname="backend.tests.test_attendance_api.TestMembers" name="test_create_member_member_forbidden" time="0.103" /><testcase classname="backend.tests.test_attendance_api.TestMembers" name="test_create_member_admin" time="0.351" /><testcase classname="backend.tests.test_attendance_api.TestMembers" name="test_update_member" time="0.123" /><testcase classname="backend.tests.test_attendance_api.TestMembers" name="test_delete_member" time="0.124" /><testcase classname="backend.tests.test_attendance_api.TestMembers" name="test_delete_member_member_forbidden" time="0.129" /><testcase classname="backend.tests.test_attendance_api.TestAttendance" name="test_status_initial" time="0.760" /><testcase classname="backend.tests.test_attendance_api.TestAttendance" name="test_checkin_invalid_qr" time="0.118" /><testcase classname="backend.tests.test_attendance_api.TestAttendance" name="test_checkin_far_location" time="0.211"><failure message="AssertionError: assert (400 == 400 and 'from campus' in 'OUT_OF_GEOFENCE:15741')&#10; +  where 400 = &lt;Response [400]&gt;.status_code">backend/tests/test_attendance_api.py:171: in test_checkin_far_location
    assert r.status_code == 400 and "from campus" in r.json()["detail"]
E   AssertionError: assert (400 == 400 and 'from campus' in 'OUT_OF_GEOFENCE:15741')
E    +  where 400 = &lt;Response [400]&gt;.status_code</failure></testcase><testcase classname="backend.tests.test_attendance_api.TestAttendance" name="test_checkin_success" time="0.257"><failure message="KeyError: 'session'">backend/tests/test_attendance_api.py:179: in test_checkin_success
    assert d["ok"] is True and d["session"]["check_out_at"] is None
                               ^^^^^^^^^^^^
E   KeyError: 'session'</failure></testcase><testcase classname="backend.tests.test_attendance_api.TestAttendance" name="test_checkin_duplicate" time="0.258" /><testcase classname="backend.tests.test_attendance_api.TestAttendance" name="test_checkout_success" time="0.241" /><testcase classname="backend.tests.test_attendance_api.TestAttendance" name="test_checkout_when_not_checked_in" time="0.215" /><testcase classname="backend.tests.test_attendance_api.TestPresence" name="test_presence_board" time="0.110" /><testcase classname="backend.tests.test_attendance_api.TestLeaves" name="test_create_tour" time="0.766" /><testcase classname="backend.tests.test_attendance_api.TestLeaves" name="test_my_leaves" time="0.105" /><testcase classname="backend.tests.test_attendance_api.TestLeaves" name="test_admin_list_pending" time="0.104" /><testcase classname="backend.tests.test_attendance_api.TestLeaves" name="test_member_cant_list_all" time="0.093" /><testcase classname="backend.tests.test_attendance_api.TestLeaves" name="test_approve_leave" time="0.129" /><testcase classname="backend.tests.test_attendance_api.TestLeaves" name="test_presence_reflects_tour" time="0.228" /><testcase classname="backend.tests.test_attendance_api.TestStats" name="test_me_stats" time="0.107" /><testcase classname="backend.tests.test_attendance_api.TestStats" name="test_admin_summary" time="0.115" /><testcase classname="backend.tests.test_attendance_api.TestStats" name="test_admin_summary_member_forbidden" time="0.108" /><testcase classname="backend.tests.test_attendance_api.TestReports" name="test_hours_report" time="0.116" /><testcase classname="backend.tests.test_attendance_api.TestReports" name="test_hours_report_member_forbidden" time="0.112" /><testcase classname="backend.tests.test_attendance_api.TestReports" name="test_daily_report" time="0.093" /><testcase classname="backend.tests.test_attendance_api.TestReports" name="test_export_hours_csv" time="0.097" /><testcase classname="backend.tests.test_attendance_api.TestReports" name="test_export_hours_pdf" time="0.136" /><testcase classname="backend.tests.test_attendance_api.TestReports" name="test_export_daily_csv" time="0.109" /><testcase classname="backend.tests.test_attendance_api.TestReports" name="test_export_daily_pdf" time="0.119" /></testsuite></testsuites>