<?xml version="1.0" encoding="utf-8"?><testsuites name="pytest tests"><testsuite name="pytest" errors="0" failures="0" skipped="0" tests="9" time="5.339" timestamp="2026-06-14T14:57:56.974352+00:00" hostname="agent-env-15d328fe-c965-428b-a40a-718248f4b93b"><testcase classname="backend.tests.test_phone_auth.TestEmailLoginFallback" name="test_admin_email_login_ok" time="0.688" /><testcase classname="backend.tests.test_phone_auth.TestPhoneAdminInstant" name="test_admin_with_mobile_instant_login" time="1.016" /><testcase classname="backend.tests.test_phone_auth.TestUnknownPhonePending" name="test_unknown_phone_returns_pending" time="0.193" /><testcase classname="backend.tests.test_phone_auth.TestUnknownPhonePending" name="test_short_phone_rejected" time="0.097" /><testcase classname="backend.tests.test_phone_auth.TestAdminDeviceFlow" name="test_list_pending_then_approve_creates_user" time="1.040" /><testcase classname="backend.tests.test_phone_auth.TestAdminDeviceFlow" name="test_reject_request" time="0.391" /><testcase classname="backend.tests.test_phone_auth.TestAdminDeviceFlow" name="test_admin_devices_requires_admin" time="0.097" /><testcase classname="backend.tests.test_phone_auth.TestPhoneMatchKnownMember" name="test_known_member_marks_request_with_user_id" time="0.823" /><testcase classname="backend.tests.test_phone_auth.TestMemberCannotListDevices" name="test_member_token_forbidden" time="0.861" /></testsuite></testsuites>