<?xml version="1.0" encoding="utf-8"?><testsuites name="pytest tests"><testsuite name="pytest" errors="0" failures="0" skipped="0" tests="39" time="8.648" timestamp="2026-06-10T02:38:12.270231+00:00" hostname="agent-env-15d328fe-c965-428b-a40a-718248f4b93b"><testcase classname="backend.tests.test_attendance_api.TestAuth" name="test_login_admin" time="0.406" /><testcase classname="backend.tests.test_attendance_api.TestAuth" name="test_login_member" time="0.378" /><testcase classname="backend.tests.test_attendance_api.TestAuth" name="test_login_invalid" time="0.357" /><testcase classname="backend.tests.test_attendance_api.TestAuth" name="test_me" time="0.433" /><testcase classname="backend.tests.test_attendance_api.TestAuth" name="test_me_no_token" time="0.159" /><testcase classname="backend.tests.test_attendance_api.TestOffice" name="test_get_office_member" time="0.416" /><testcase classname="backend.tests.test_attendance_api.TestOffice" name="test_put_office_member_forbidden" time="0.100" /><testcase classname="backend.tests.test_attendance_api.TestOffice" name="test_put_office_admin" time="0.107" /><testcase classname="backend.tests.test_attendance_api.TestOffice" name="test_regenerate_qr_member_forbidden" time="0.096" /><testcase classname="backend.tests.test_attendance_api.TestMembers" name="test_list_members_member_role" time="0.137" /><testcase classname="backend.tests.test_attendance_api.TestMembers" name="test_create_member_member_forbidden" time="0.111" /><testcase classname="backend.tests.test_attendance_api.TestMembers" name="test_create_member_admin" time="0.322" /><testcase classname="backend.tests.test_attendance_api.TestMembers" name="test_update_member" time="0.125" /><testcase classname="backend.tests.test_attendance_api.TestMembers" name="test_delete_member" time="0.105" /><testcase classname="backend.tests.test_attendance_api.TestMembers" name="test_delete_member_member_forbidden" time="0.105" /><testcase classname="backend.tests.test_attendance_api.TestAttendance" name="test_status_initial" time="0.793" /><testcase classname="backend.tests.test_attendance_api.TestAttendance" name="test_checkin_invalid_qr" time="0.103" /><testcase classname="backend.tests.test_attendance_api.TestAttendance" name="test_checkin_far_location" time="0.254" /><testcase classname="backend.tests.test_attendance_api.TestAttendance" name="test_checkin_success" time="0.415" /><testcase classname="backend.tests.test_attendance_api.TestAttendance" name="test_checkin_duplicate" time="0.253" /><testcase classname="backend.tests.test_attendance_api.TestAttendance" name="test_checkout_success" time="0.254" /><testcase classname="backend.tests.test_attendance_api.TestAttendance" name="test_checkout_when_not_checked_in" time="0.232" /><testcase classname="backend.tests.test_attendance_api.TestPresence" name="test_presence_board" time="0.115" /><testcase classname="backend.tests.test_attendance_api.TestLeaves" name="test_create_tour" time="0.777" /><testcase classname="backend.tests.test_attendance_api.TestLeaves" name="test_my_leaves" time="0.114" /><testcase classname="backend.tests.test_attendance_api.TestLeaves" name="test_admin_list_pending" time="0.117" /><testcase classname="backend.tests.test_attendance_api.TestLeaves" name="test_member_cant_list_all" time="0.103" /><testcase classname="backend.tests.test_attendance_api.TestLeaves" name="test_approve_leave" time="0.118" /><testcase classname="backend.tests.test_attendance_api.TestLeaves" name="test_presence_reflects_tour" time="0.236" /><testcase classname="backend.tests.test_attendance_api.TestStats" name="test_me_stats" time="0.104" /><testcase classname="backend.tests.test_attendance_api.TestStats" name="test_admin_summary" time="0.118" /><testcase classname="backend.tests.test_attendance_api.TestStats" name="test_admin_summary_member_forbidden" time="0.104" /><testcase classname="backend.tests.test_attendance_api.TestReports" name="test_hours_report" time="0.131" /><testcase classname="backend.tests.test_attendance_api.TestReports" name="test_hours_report_member_forbidden" time="0.108" /><testcase classname="backend.tests.test_attendance_api.TestReports" name="test_daily_report" time="0.134" /><testcase classname="backend.tests.test_attendance_api.TestReports" name="test_export_hours_csv" time="0.108" /><testcase classname="backend.tests.test_attendance_api.TestReports" name="test_export_hours_pdf" time="0.275" /><testcase classname="backend.tests.test_attendance_api.TestReports" name="test_export_daily_csv" time="0.106" /><testcase classname="backend.tests.test_attendance_api.TestReports" name="test_export_daily_pdf" time="0.104" /></testsuite></testsuites>